#
# A fatal error has been detected by the Java Runtime Environment:
#
#  SIGSEGV (0xb) at pc=0x0000000124451c3e, pid=2108, tid=0x0000000000000307
#
# JRE version: Java(TM) SE Runtime Environment (8.0_144-b01) (build 1.8.0_144-b01)
# Java VM: Java HotSpot(TM) 64-Bit Server VM (25.144-b01 mixed mode bsd-amd64 compressed oops)
# Problematic frame:
# C  [liblwjgl_opengl.dylib+0xcc3e]
[error occurred during error reporting (printing problematic frame), id 0xe0000000]

# Failed to write core dump. Core dumps have been disabled. To enable core dumping, try "ulimit -c unlimited" before starting Java again
#
# If you would like to submit a bug report, please visit:
#   http://bugreport.java.com/bugreport/crash.jsp
# The crash happened outside the Java Virtual Machine in native code.
# See problematic frame for where to report the bug.
#

---------------  T H R E A D  ---------------

Current thread (0x00007fa504801800):  JavaThread "main" [_thread_in_native, id=775, stack(0x00007fff58bf4000,0x00007fff593f4000)]

siginfo: si_signo: 11 (SIGSEGV), si_code: 1 (SEGV_MAPERR), si_addr: 0x0000000000000370

Registers:
RAX=0x0000000000000000, RBX=0x000000010d5df4a0, RCX=0x00000001070cf3c0, RDX=0x0000000000004100
RSP=0x00007fff593eea58, RBP=0x00007fff593eeab0, RSI=0x00007fff593eeac0, RDI=0x0000000000004100
R8 =0x000000010dbf32a3, R9 =0x0000000000000000, R10=0x000000010dba99c8, R11=0x0000000106d90563
R12=0x0000000000000000, R13=0x000000010d5df498, R14=0x00007fff593eead0, R15=0x00007fa504801800
RIP=0x0000000124451c3e, EFLAGS=0x0000000000010212, ERR=0x0000000000000004
  TRAPNO=0x000000000000000e

Top of Stack: (sp=0x00007fff593eea58)
0x00007fff593eea58:   000000010dba99f4 000000010dbb59a3
0x00007fff593eea68:   000000010dba9742 00007fff593eea70
0x00007fff593eea78:   000000010d5df498 00007fff593eead0
0x00007fff593eea88:   000000010d6093f0 0000000000000000
0x00007fff593eea98:   000000010d5df4a0 0000000000000000
0x00007fff593eeaa8:   00007fff593eead0 00007fff593eeb18
0x00007fff593eeab8:   000000010db9a2bd 00000007962941e8
0x00007fff593eeac8:   000000010dba3538 0000000000004100
0x00007fff593eead8:   00007fff593eead8 000000010d46d0cb
0x00007fff593eeae8:   00007fff593eeb28 000000010d46d388
0x00007fff593eeaf8:   0000000000000000 000000010d46d208
0x00007fff593eeb08:   00007fff593eead0 00007fff593eeb28
0x00007fff593eeb18:   00007fff593eeb70 000000010db9a2bd
0x00007fff593eeb28:   00000007957b6af8 00007fff593eeb30
0x00007fff593eeb38:   000000010d46cdc3 00007fff593eebb0
0x00007fff593eeb48:   000000010d46d388 0000000000000000
0x00007fff593eeb58:   000000010d46cee8 00007fff593eeb28
0x00007fff593eeb68:   00007fff593eebb0 00007fff593eebf8
0x00007fff593eeb78:   000000010db9a2bd 0000000000000000
0x00007fff593eeb88:   0000000000000000 0000000000000000
0x00007fff593eeb98:   0000000000000000 0000000000000000
0x00007fff593eeba8:   0000000000000000 00000007957b6af8
0x00007fff593eebb8:   00007fff593eebb8 000000010d46ccb9
0x00007fff593eebc8:   00007fff593eec08 000000010d46d388
0x00007fff593eebd8:   0000000000000000 000000010d46cd00
0x00007fff593eebe8:   00007fff593eebb0 00007fff593eec08
0x00007fff593eebf8:   00007fff593eec50 000000010db9a2bd
0x00007fff593eec08:   00000007957b6af8 00007fff593eec10
0x00007fff593eec18:   000000010d46cbf1 00007fff593eec68
0x00007fff593eec28:   000000010d46d388 0000000000000000
0x00007fff593eec38:   000000010d46cc18 00007fff593eec08
0x00007fff593eec48:   00007fff593eec68 00007fff593eecd0 

Instructions: (pc=0x0000000124451c3e)
0x0000000124451c1e:   38 03 00 00 89 d7 89 ce 4c 89 c2 5d ff e0 0f 1f
0x0000000124451c2e:   40 00 55 48 89 e5 48 8b 07 48 8b 40 18 89 d7 5d
0x0000000124451c3e:   ff a0 70 03 00 00 66 66 66 2e 0f 1f 84 00 00 00
0x0000000124451c4e:   00 00 55 48 89 e5 48 8b 07 48 8b 40 18 48 8b 80 

Register to memory mapping:

RAX=0x0000000000000000 is an unknown value
RBX={method} {0x000000010d5df4a0} 'glClear' '(I)V' in 'org/lwjgl/opengl/GL11'
RCX=0x00000001070cf3c0: UseMembar+0 in /Library/Java/JavaVirtualMachines/jdk1.8.0_144.jdk/Contents/Home/jre/lib/server/libjvm.dylib at 0x00000001068ab000
RDX=0x0000000000004100 is an unknown value
RSP=0x00007fff593eea58 is pointing into the stack for thread: 0x00007fa504801800
RBP=0x00007fff593eeab0 is pointing into the stack for thread: 0x00007fa504801800
RSI=0x00007fff593eeac0 is pointing into the stack for thread: 0x00007fa504801800
RDI=0x0000000000004100 is an unknown value
R8 =0x000000010dbf32a3 is at code_begin+3 in 
[CodeBlob (0x000000010dbf3250)]
Framesize: 0
BufferBlob (0x000000010dbf3250) used for Signature Handler Temp Buffer
R9 =0x0000000000000000 is an unknown value
R10=0x000000010dba99c8 is at code_begin+808 in an Interpreter codelet
method entry point (kind = native)  [0x000000010dba96a0, 0x000000010dba9fa0]  2304 bytes
R11=0x0000000106d90563: throw_unsatisfied_link_error+0 in /Library/Java/JavaVirtualMachines/jdk1.8.0_144.jdk/Contents/Home/jre/lib/server/libjvm.dylib at 0x00000001068ab000
R12=0x0000000000000000 is an unknown value
R13=0x000000010d5df498 is pointing into metadata
R14=0x00007fff593eead0 is pointing into the stack for thread: 0x00007fa504801800
R15=0x00007fa504801800 is a thread


Stack: [0x00007fff58bf4000,0x00007fff593f4000],  sp=0x00007fff593eea58,  free space=8170k
Native frames: (J=compiled Java code, j=interpreted, Vv=VM code, C=native code)
C  [liblwjgl_opengl.dylib+0xcc3e]
[error occurred during error reporting (printing native stack), id 0xe0000000]

Java frames: (J=compiled Java code, j=interpreted, Vv=VM code)
j  org.lwjgl.opengl.GL11.glClear(I)V+0
j  zenryokuservice.gui.jogl.prac.LwjglPracLv1.drawInitView()V+3
j  zenryokuservice.gui.jogl.prac.LwjglPracLv1.init()V+59
j  zenryokuservice.gui.jogl.prac.LwjglPracLv1.run()V+25
j  zenryokuservice.gui.jogl.prac.LwjglPracLv1.main([Ljava/lang/String;)V+9
v  ~StubRoutines::call_stub

---------------  P R O C E S S  ---------------

Java Threads: ( => current thread )
  0x00007fa50404e800 JavaThread "Service Thread" daemon [_thread_blocked, id=17923, stack(0x0000700004ef9000,0x0000700004ff9000)]
  0x00007fa50400b800 JavaThread "C1 CompilerThread2" daemon [_thread_blocked, id=17411, stack(0x0000700004df6000,0x0000700004ef6000)]
  0x00007fa50400a800 JavaThread "C2 CompilerThread1" daemon [_thread_blocked, id=16899, stack(0x0000700004cf3000,0x0000700004df3000)]
  0x00007fa504009000 JavaThread "C2 CompilerThread0" daemon [_thread_blocked, id=16387, stack(0x0000700004bf0000,0x0000700004cf0000)]
  0x00007fa504008800 JavaThread "Signal Dispatcher" daemon [_thread_blocked, id=15879, stack(0x0000700004aed000,0x0000700004bed000)]
  0x00007fa50480f000 JavaThread "Finalizer" daemon [_thread_blocked, id=12035, stack(0x00007000049ea000,0x0000700004aea000)]
  0x00007fa50480c800 JavaThread "Reference Handler" daemon [_thread_blocked, id=11523, stack(0x00007000048e7000,0x00007000049e7000)]
=>0x00007fa504801800 JavaThread "main" [_thread_in_native, id=775, stack(0x00007fff58bf4000,0x00007fff593f4000)]

Other Threads:
  0x00007fa505033000 VMThread [stack: 0x00007000047e4000,0x00007000048e4000] [id=11011]
  0x00007fa50404f800 WatcherThread [stack: 0x0000700004ffc000,0x00007000050fc000] [id=18435]

VM state:not at safepoint (normal execution)

VM Mutex/Monitor currently owned by a thread: None

Heap:
 PSYoungGen      total 38400K, used 14267K [0x0000000795580000, 0x0000000798000000, 0x00000007c0000000)
  eden space 33280K, 42% used [0x0000000795580000,0x000000079636eed8,0x0000000797600000)
  from space 5120K, 0% used [0x0000000797b00000,0x0000000797b00000,0x0000000798000000)
  to   space 5120K, 0% used [0x0000000797600000,0x0000000797600000,0x0000000797b00000)
 ParOldGen       total 87552K, used 0K [0x0000000740000000, 0x0000000745580000, 0x0000000795580000)
  object space 87552K, 0% used [0x0000000740000000,0x0000000740000000,0x0000000745580000)
 Metaspace       used 6322K, capacity 6604K, committed 6656K, reserved 1056768K
  class space    used 649K, capacity 740K, committed 768K, reserved 1048576K

Card table byte_map: [0x00000001085c0000,0x00000001089c1000] byte_map_base: 0x0000000104bc0000

Marking Bits: (ParMarkBitMap*) 0x000000010719e5d0
 Begin Bits: [0x0000000108c6c000, 0x000000010ac6c000)
 End Bits:   [0x000000010ac6c000, 0x000000010cc6c000)

Polling page: 0x0000000107896000

CodeCache: size=245760Kb used=2710Kb max_used=2715Kb free=243049Kb
 bounds [0x000000010db92000, 0x000000010de42000, 0x000000011cb92000]
 total_blobs=1316 nmethods=585 adapters=645
 compilation: enabled

Compilation events (10 events):
Event: 19.780 Thread 0x00007fa50400b800  577       3       java.nio.Buffer::flip (20 bytes)
Event: 19.780 Thread 0x00007fa50400b800 nmethod 577 0x000000010de311d0 code [0x000000010de31320, 0x000000010de31490]
Event: 19.780 Thread 0x00007fa50400a800  578 %     4       java.io.UnixFileSystem::normalize @ 10 (75 bytes)
Event: 19.780 Thread 0x00007fa50400b800  579  s    3       java.util.Vector::addElement (38 bytes)
Event: 19.781 Thread 0x00007fa50400b800 nmethod 579 0x000000010de30910 code [0x000000010de30aa0, 0x000000010de30fc8]
Event: 19.782 Thread 0x00007fa50400b800  580   !   3       java.net.URL::<init> (543 bytes)
Event: 19.786 Thread 0x00007fa504009000  585       4       java.lang.CharacterDataLatin1::toLowerCase (39 bytes)
Event: 19.787 Thread 0x00007fa504009000 nmethod 585 0x000000010de2ef10 code [0x000000010de2f060, 0x000000010de2f138]
Event: 19.787 Thread 0x00007fa50400b800 nmethod 580 0x000000010de333d0 code [0x000000010de338a0, 0x000000010de36938]
Event: 19.787 Thread 0x00007fa50400b800  581       3       java.util.regex.Pattern$CharProperty::match (56 bytes)

GC Heap History (0 events):
No events

Deoptimization events (3 events):
Event: 0.220 Thread 0x00007fa504801800 Uncommon trap: reason=unstable_if action=reinterpret pc=0x000000010dc9d8a8 method=java.lang.String.hashCode()I @ 14
Event: 0.366 Thread 0x00007fa504801800 Uncommon trap: reason=unstable_if action=reinterpret pc=0x000000010dca9504 method=java.lang.String.indexOf(II)I @ 49
Event: 0.436 Thread 0x00007fa504801800 Uncommon trap: reason=unstable_if action=reinterpret pc=0x000000010dd47408 method=java.lang.String.indexOf([CII[CIII)I @ 134

Internal exceptions (10 events):
Event: 0.207 Thread 0x00007fa504801800 Exception <a 'java/security/PrivilegedActionException'> (0x000000079568eb20) thrown at [/Users/java_re/workspace/8-2-build-macosx-x86_64/jdk8u144/9417/hotspot/src/share/vm/prims/jvm.cpp, line 1390]
Event: 0.207 Thread 0x00007fa504801800 Exception <a 'java/security/PrivilegedActionException'> (0x000000079568ed30) thrown at [/Users/java_re/workspace/8-2-build-macosx-x86_64/jdk8u144/9417/hotspot/src/share/vm/prims/jvm.cpp, line 1390]
Event: 0.385 Thread 0x00007fa504801800 Exception <a 'java/lang/NoSuchMethodError': java.lang.Object.lambda$static$0(Ljava/lang/String;)Ljava/lang/Boolean;> (0x0000000795b78cb8) thrown at [/Users/java_re/workspace/8-2-build-macosx-x86_64/jdk8u144/9417/hotspot/src/share/vm/interpreter/linkResolv
Event: 0.405 Thread 0x00007fa504801800 Exception <a 'java/lang/NoSuchFieldError': method resolution failed> (0x0000000795bf0a90) thrown at [/Users/java_re/workspace/8-2-build-macosx-x86_64/jdk8u144/9417/hotspot/src/share/vm/prims/methodHandles.cpp, line 1146]
Event: 0.407 Thread 0x00007fa504801800 Exception <a 'java/lang/NoSuchFieldError': method resolution failed> (0x0000000795bfddb0) thrown at [/Users/java_re/workspace/8-2-build-macosx-x86_64/jdk8u144/9417/hotspot/src/share/vm/prims/methodHandles.cpp, line 1146]
Event: 0.434 Thread 0x00007fa504801800 Exception <a 'java/security/PrivilegedActionException'> (0x0000000795c905e0) thrown at [/Users/java_re/workspace/8-2-build-macosx-x86_64/jdk8u144/9417/hotspot/src/share/vm/prims/jvm.cpp, line 1390]
Event: 0.434 Thread 0x00007fa504801800 Exception <a 'java/security/PrivilegedActionException'> (0x0000000795c907f0) thrown at [/Users/java_re/workspace/8-2-build-macosx-x86_64/jdk8u144/9417/hotspot/src/share/vm/prims/jvm.cpp, line 1390]
Event: 0.434 Thread 0x00007fa504801800 Exception <a 'java/security/PrivilegedActionException'> (0x0000000795c93b20) thrown at [/Users/java_re/workspace/8-2-build-macosx-x86_64/jdk8u144/9417/hotspot/src/share/vm/prims/jvm.cpp, line 1390]
Event: 0.434 Thread 0x00007fa504801800 Exception <a 'java/security/PrivilegedActionException'> (0x0000000795c93d30) thrown at [/Users/java_re/workspace/8-2-build-macosx-x86_64/jdk8u144/9417/hotspot/src/share/vm/prims/jvm.cpp, line 1390]
Event: 0.668 Thread 0x00007fa504801800 Exception <a 'sun/nio/fs/UnixException'> (0x000000079625ddb8) thrown at [/Users/java_re/workspace/8-2-build-macosx-x86_64/jdk8u144/9417/hotspot/src/share/vm/prims/jni.cpp, line 709]

Events (10 events):
Event: 19.783 loading class org/lwjgl/opengl/GL$4
Event: 19.783 loading class org/lwjgl/opengl/GL$4 done
Event: 19.784 loading class org/lwjgl/system/macosx/CoreFoundation
Event: 19.784 loading class org/lwjgl/system/macosx/CoreFoundation done
Event: 19.785 loading class org/lwjgl/opengl/GL$3
Event: 19.785 loading class org/lwjgl/opengl/GL$3 done
Event: 19.786 loading class org/lwjgl/opengl/GL$SharedLibraryGL
Event: 19.786 loading class org/lwjgl/opengl/GL$SharedLibraryGL done
Event: 19.786 loading class org/lwjgl/system/SharedLibrary$Delegate
Event: 19.786 loading class org/lwjgl/system/SharedLibrary$Delegate done


Dynamic libraries:
0x0000000040678000 	/System/Library/Frameworks/Cocoa.framework/Versions/A/Cocoa
0x0000000040678000 	/System/Library/Frameworks/Security.framework/Versions/A/Security
0x0000000040678000 	/System/Library/Frameworks/ApplicationServices.framework/Versions/A/ApplicationServices
0x0000000040678000 	/usr/lib/libz.1.dylib
0x0000000040678000 	/usr/lib/libSystem.B.dylib
0x0000000040678000 	/usr/lib/libobjc.A.dylib
0x0000000040678000 	/System/Library/Frameworks/CoreFoundation.framework/Versions/A/CoreFoundation
0x0000000040678000 	/System/Library/Frameworks/Foundation.framework/Versions/C/Foundation
0x0000000040678000 	/System/Library/Frameworks/AppKit.framework/Versions/C/AppKit
0x0000000040678000 	/System/Library/Frameworks/CoreData.framework/Versions/A/CoreData
0x0000000040678000 	/System/Library/PrivateFrameworks/RemoteViewServices.framework/Versions/A/RemoteViewServices
0x0000000040678000 	/System/Library/PrivateFrameworks/UIFoundation.framework/Versions/A/UIFoundation
0x0000000040678000 	/System/Library/PrivateFrameworks/DFRFoundation.framework/Versions/A/DFRFoundation
0x0000000040678000 	/usr/lib/libenergytrace.dylib
0x0000000040678000 	/System/Library/PrivateFrameworks/SkyLight.framework/Versions/A/SkyLight
0x0000000040678000 	/System/Library/Frameworks/CoreGraphics.framework/Versions/A/CoreGraphics
0x0000000040678000 	/usr/lib/libScreenReader.dylib
0x0000000040678000 	/System/Library/Frameworks/Accelerate.framework/Versions/A/Accelerate
0x0000000040678000 	/System/Library/Frameworks/IOSurface.framework/Versions/A/IOSurface
0x0000000040678000 	/System/Library/Frameworks/AudioToolbox.framework/Versions/A/AudioToolbox
0x0000000040678000 	/System/Library/Frameworks/AudioUnit.framework/Versions/A/AudioUnit
0x0000000040678000 	/System/Library/PrivateFrameworks/DataDetectorsCore.framework/Versions/A/DataDetectorsCore
0x0000000040678000 	/System/Library/PrivateFrameworks/DesktopServicesPriv.framework/Versions/A/DesktopServicesPriv
0x0000000040678000 	/System/Library/Frameworks/Carbon.framework/Versions/A/Frameworks/HIToolbox.framework/Versions/A/HIToolbox
0x0000000040678000 	/usr/lib/libicucore.A.dylib
0x0000000040678000 	/System/Library/Frameworks/QuartzCore.framework/Versions/A/QuartzCore
0x0000000040678000 	/System/Library/Frameworks/Carbon.framework/Versions/A/Frameworks/SpeechRecognition.framework/Versions/A/SpeechRecognition
0x0000000040678000 	/usr/lib/libauto.dylib
0x0000000040678000 	/usr/lib/libxml2.2.dylib
0x0000000040678000 	/System/Library/PrivateFrameworks/CoreUI.framework/Versions/A/CoreUI
0x0000000040678000 	/System/Library/Frameworks/CoreAudio.framework/Versions/A/CoreAudio
0x0000000040678000 	/System/Library/Frameworks/DiskArbitration.framework/Versions/A/DiskArbitration
0x0000000040678000 	/usr/lib/liblangid.dylib
0x0000000040678000 	/System/Library/PrivateFrameworks/MultitouchSupport.framework/Versions/A/MultitouchSupport
0x0000000040678000 	/System/Library/Frameworks/IOKit.framework/Versions/A/IOKit
0x0000000040678000 	/usr/lib/libDiagnosticMessagesClient.dylib
0x0000000040678000 	/System/Library/Frameworks/CoreServices.framework/Versions/A/CoreServices
0x0000000040678000 	/System/Library/PrivateFrameworks/PerformanceAnalysis.framework/Versions/A/PerformanceAnalysis
0x0000000040678000 	/System/Library/PrivateFrameworks/GenerationalStorage.framework/Versions/A/GenerationalStorage
0x0000000040678000 	/System/Library/Frameworks/OpenGL.framework/Versions/A/OpenGL
0x0000000040678000 	/System/Library/Frameworks/CoreImage.framework/Versions/A/CoreImage
0x0000000040678000 	/System/Library/Frameworks/CoreText.framework/Versions/A/CoreText
0x0000000040678000 	/System/Library/Frameworks/ImageIO.framework/Versions/A/ImageIO
0x0000000040678000 	/System/Library/PrivateFrameworks/Backup.framework/Versions/A/Backup
0x0000000040678000 	/usr/lib/libarchive.2.dylib
0x0000000040678000 	/System/Library/Frameworks/CFNetwork.framework/Versions/A/CFNetwork
0x0000000040678000 	/System/Library/Frameworks/SystemConfiguration.framework/Versions/A/SystemConfiguration
0x0000000040678000 	/usr/lib/libCRFSuite.dylib
0x0000000040678000 	/usr/lib/libc++.1.dylib
0x0000000040678000 	/usr/lib/libc++abi.dylib
0x0000000040678000 	/usr/lib/system/libcache.dylib
0x0000000040678000 	/usr/lib/system/libcommonCrypto.dylib
0x0000000040678000 	/usr/lib/system/libcompiler_rt.dylib
0x0000000040678000 	/usr/lib/system/libcopyfile.dylib
0x0000000040678000 	/usr/lib/system/libcorecrypto.dylib
0x0000000040678000 	/usr/lib/system/libdispatch.dylib
0x0000000040678000 	/usr/lib/system/libdyld.dylib
0x0000000040678000 	/usr/lib/system/libkeymgr.dylib
0x0000000040678000 	/usr/lib/system/liblaunch.dylib
0x0000000040678000 	/usr/lib/system/libmacho.dylib
0x0000000040678000 	/usr/lib/system/libquarantine.dylib
0x0000000040678000 	/usr/lib/system/libremovefile.dylib
0x0000000040678000 	/usr/lib/system/libsystem_asl.dylib
0x0000000040678000 	/usr/lib/system/libsystem_blocks.dylib
0x0000000040678000 	/usr/lib/system/libsystem_c.dylib
0x0000000040678000 	/usr/lib/system/libsystem_configuration.dylib
0x0000000040678000 	/usr/lib/system/libsystem_coreservices.dylib
0x0000000040678000 	/usr/lib/system/libsystem_coretls.dylib
0x0000000040678000 	/usr/lib/system/libsystem_dnssd.dylib
0x0000000040678000 	/usr/lib/system/libsystem_info.dylib
0x0000000040678000 	/usr/lib/system/libsystem_kernel.dylib
0x0000000040678000 	/usr/lib/system/libsystem_m.dylib
0x0000000040678000 	/usr/lib/system/libsystem_malloc.dylib
0x0000000040678000 	/usr/lib/system/libsystem_network.dylib
0x0000000040678000 	/usr/lib/system/libsystem_networkextension.dylib
0x0000000040678000 	/usr/lib/system/libsystem_notify.dylib
0x0000000040678000 	/usr/lib/system/libsystem_platform.dylib
0x0000000040678000 	/usr/lib/system/libsystem_pthread.dylib
0x0000000040678000 	/usr/lib/system/libsystem_sandbox.dylib
0x0000000040678000 	/usr/lib/system/libsystem_secinit.dylib
0x0000000040678000 	/usr/lib/system/libsystem_symptoms.dylib
0x0000000040678000 	/usr/lib/system/libsystem_trace.dylib
0x0000000040678000 	/usr/lib/system/libunwind.dylib
0x0000000040678000 	/usr/lib/system/libxpc.dylib
0x0000000040678000 	/usr/lib/libbsm.0.dylib
0x0000000040678000 	/usr/lib/system/libkxld.dylib
0x0000000040678000 	/usr/lib/libcoretls.dylib
0x0000000040678000 	/usr/lib/libcoretls_cfhelpers.dylib
0x0000000040678000 	/usr/lib/libOpenScriptingUtil.dylib
0x0000000040678000 	/usr/lib/libpam.2.dylib
0x0000000040678000 	/usr/lib/libsqlite3.dylib
0x0000000040678000 	/usr/lib/libxar.1.dylib
0x0000000040678000 	/usr/lib/libbz2.1.0.dylib
0x0000000040678000 	/usr/lib/liblzma.5.dylib
0x0000000040678000 	/usr/lib/libnetwork.dylib
0x0000000040678000 	/usr/lib/libpcap.A.dylib
0x0000000040678000 	/System/Library/Frameworks/CoreServices.framework/Versions/A/Frameworks/FSEvents.framework/Versions/A/FSEvents
0x0000000040678000 	/System/Library/Frameworks/CoreServices.framework/Versions/A/Frameworks/CarbonCore.framework/Versions/A/CarbonCore
0x0000000040678000 	/System/Library/Frameworks/CoreServices.framework/Versions/A/Frameworks/Metadata.framework/Versions/A/Metadata
0x0000000040678000 	/System/Library/Frameworks/CoreServices.framework/Versions/A/Frameworks/OSServices.framework/Versions/A/OSServices
0x0000000040678000 	/System/Library/Frameworks/CoreServices.framework/Versions/A/Frameworks/SearchKit.framework/Versions/A/SearchKit
0x0000000040678000 	/System/Library/Frameworks/CoreServices.framework/Versions/A/Frameworks/AE.framework/Versions/A/AE
0x0000000040678000 	/System/Library/Frameworks/CoreServices.framework/Versions/A/Frameworks/LaunchServices.framework/Versions/A/LaunchServices
0x0000000040678000 	/System/Library/Frameworks/CoreServices.framework/Versions/A/Frameworks/DictionaryServices.framework/Versions/A/DictionaryServices
0x0000000040678000 	/System/Library/Frameworks/CoreServices.framework/Versions/A/Frameworks/SharedFileList.framework/Versions/A/SharedFileList
0x0000000040678000 	/System/Library/Frameworks/NetFS.framework/Versions/A/NetFS
0x0000000040678000 	/System/Library/PrivateFrameworks/NetAuth.framework/Versions/A/NetAuth
0x0000000040678000 	/System/Library/PrivateFrameworks/login.framework/Versions/A/Frameworks/loginsupport.framework/Versions/A/loginsupport
0x0000000040678000 	/System/Library/PrivateFrameworks/TCC.framework/Versions/A/TCC
0x0000000040678000 	/usr/lib/libmecabra.dylib
0x0000000040678000 	/System/Library/Frameworks/ApplicationServices.framework/Versions/A/Frameworks/ATS.framework/Versions/A/ATS
0x0000000040678000 	/System/Library/Frameworks/ApplicationServices.framework/Versions/A/Frameworks/ColorSync.framework/Versions/A/ColorSync
0x0000000040678000 	/System/Library/Frameworks/ApplicationServices.framework/Versions/A/Frameworks/HIServices.framework/Versions/A/HIServices
0x0000000040678000 	/System/Library/Frameworks/ApplicationServices.framework/Versions/A/Frameworks/LangAnalysis.framework/Versions/A/LangAnalysis
0x0000000040678000 	/System/Library/Frameworks/ApplicationServices.framework/Versions/A/Frameworks/PrintCore.framework/Versions/A/PrintCore
0x0000000040678000 	/System/Library/Frameworks/ApplicationServices.framework/Versions/A/Frameworks/QD.framework/Versions/A/QD
0x0000000040678000 	/System/Library/Frameworks/ApplicationServices.framework/Versions/A/Frameworks/SpeechSynthesis.framework/Versions/A/SpeechSynthesis
0x0000000040678000 	/System/Library/Frameworks/Accelerate.framework/Versions/A/Frameworks/vImage.framework/Versions/A/vImage
0x0000000040678000 	/System/Library/Frameworks/Accelerate.framework/Versions/A/Frameworks/vecLib.framework/Versions/A/vecLib
0x0000000040678000 	/System/Library/Frameworks/Accelerate.framework/Versions/A/Frameworks/vecLib.framework/Versions/A/libvDSP.dylib
0x0000000040678000 	/System/Library/Frameworks/Accelerate.framework/Versions/A/Frameworks/vecLib.framework/Versions/A/libBNNS.dylib
0x0000000040678000 	/System/Library/Frameworks/Accelerate.framework/Versions/A/Frameworks/vecLib.framework/Versions/A/libQuadrature.dylib
0x0000000040678000 	/System/Library/Frameworks/Accelerate.framework/Versions/A/Frameworks/vecLib.framework/Versions/A/libvMisc.dylib
0x0000000040678000 	/System/Library/Frameworks/Accelerate.framework/Versions/A/Frameworks/vecLib.framework/Versions/A/libLAPACK.dylib
0x0000000040678000 	/System/Library/Frameworks/Accelerate.framework/Versions/A/Frameworks/vecLib.framework/Versions/A/libBLAS.dylib
0x0000000040678000 	/System/Library/Frameworks/Accelerate.framework/Versions/A/Frameworks/vecLib.framework/Versions/A/libLinearAlgebra.dylib
0x0000000040678000 	/System/Library/Frameworks/Accelerate.framework/Versions/A/Frameworks/vecLib.framework/Versions/A/libSparseBLAS.dylib
0x0000000040678000 	/System/Library/Frameworks/ApplicationServices.framework/Versions/A/Frameworks/ATS.framework/Versions/A/Resources/libFontParser.dylib
0x0000000040678000 	/System/Library/Frameworks/ApplicationServices.framework/Versions/A/Frameworks/ATS.framework/Versions/A/Resources/libFontRegistry.dylib
0x0000000040678000 	/System/Library/Frameworks/ImageIO.framework/Versions/A/Resources/libJPEG.dylib
0x0000000040678000 	/System/Library/Frameworks/ImageIO.framework/Versions/A/Resources/libTIFF.dylib
0x0000000040678000 	/System/Library/Frameworks/ImageIO.framework/Versions/A/Resources/libPng.dylib
0x0000000040678000 	/System/Library/Frameworks/ImageIO.framework/Versions/A/Resources/libGIF.dylib
0x0000000040678000 	/System/Library/Frameworks/ImageIO.framework/Versions/A/Resources/libJP2.dylib
0x0000000040678000 	/System/Library/Frameworks/ImageIO.framework/Versions/A/Resources/libRadiance.dylib
0x0000000040678000 	/usr/lib/libcompression.dylib
0x0000000040678000 	/System/Library/PrivateFrameworks/AppleJPEG.framework/Versions/A/AppleJPEG
0x0000000040678000 	/usr/lib/libcups.2.dylib
0x0000000040678000 	/System/Library/Frameworks/Kerberos.framework/Versions/A/Kerberos
0x0000000040678000 	/System/Library/Frameworks/GSS.framework/Versions/A/GSS
0x0000000040678000 	/usr/lib/libresolv.9.dylib
0x0000000040678000 	/usr/lib/libiconv.2.dylib
0x0000000040678000 	/System/Library/PrivateFrameworks/Heimdal.framework/Versions/A/Heimdal
0x0000000040678000 	/usr/lib/libheimdal-asn1.dylib
0x0000000040678000 	/System/Library/Frameworks/OpenDirectory.framework/Versions/A/OpenDirectory
0x0000000040678000 	/System/Library/PrivateFrameworks/CommonAuth.framework/Versions/A/CommonAuth
0x0000000040678000 	/System/Library/Frameworks/OpenDirectory.framework/Versions/A/Frameworks/CFOpenDirectory.framework/Versions/A/CFOpenDirectory
0x0000000040678000 	/System/Library/Frameworks/SecurityFoundation.framework/Versions/A/SecurityFoundation
0x0000000040678000 	/System/Library/PrivateFrameworks/LanguageModeling.framework/Versions/A/LanguageModeling
0x0000000040678000 	/usr/lib/libmarisa.dylib
0x0000000040678000 	/usr/lib/libChineseTokenizer.dylib
0x0000000040678000 	/usr/lib/libcmph.dylib
0x0000000040678000 	/System/Library/PrivateFrameworks/CoreEmoji.framework/Versions/A/CoreEmoji
0x0000000040678000 	/System/Library/Frameworks/ServiceManagement.framework/Versions/A/ServiceManagement
0x0000000040678000 	/usr/lib/libxslt.1.dylib
0x0000000040678000 	/System/Library/Frameworks/Carbon.framework/Versions/A/Frameworks/Ink.framework/Versions/A/Ink
0x0000000040678000 	/System/Library/PrivateFrameworks/TextureIO.framework/Versions/A/TextureIO
0x0000000040678000 	/System/Library/Frameworks/Metal.framework/Versions/A/Metal
0x0000000040678000 	/usr/lib/libate.dylib
0x0000000040678000 	/System/Library/PrivateFrameworks/GPUCompiler.framework/libmetal_timestamp.dylib
0x0000000040678000 	/System/Library/Frameworks/OpenGL.framework/Versions/A/Libraries/libCoreFSCache.dylib
0x0000000040678000 	/System/Library/PrivateFrameworks/IOAccelerator.framework/Versions/A/IOAccelerator
0x0000000040678000 	/System/Library/Frameworks/CoreVideo.framework/Versions/A/CoreVideo
0x0000000040678000 	/usr/lib/libFosl_dynamic.dylib
0x0000000040678000 	/System/Library/PrivateFrameworks/MetalPerformanceShaders.framework/Versions/A/MetalPerformanceShaders
0x0000000040678000 	/System/Library/PrivateFrameworks/FaceCore.framework/Versions/A/FaceCore
0x0000000040678000 	/System/Library/Frameworks/OpenCL.framework/Versions/A/OpenCL
0x0000000040678000 	/System/Library/Frameworks/OpenGL.framework/Versions/A/Libraries/libGLU.dylib
0x0000000040678000 	/System/Library/Frameworks/OpenGL.framework/Versions/A/Libraries/libGFXShared.dylib
0x0000000040678000 	/System/Library/Frameworks/OpenGL.framework/Versions/A/Libraries/libGL.dylib
0x0000000040678000 	/System/Library/Frameworks/OpenGL.framework/Versions/A/Libraries/libGLImage.dylib
0x0000000040678000 	/System/Library/Frameworks/OpenGL.framework/Versions/A/Libraries/libCVMSPluginSupport.dylib
0x0000000040678000 	/System/Library/Frameworks/OpenGL.framework/Versions/A/Libraries/libCoreVMClient.dylib
0x0000000040678000 	/System/Library/PrivateFrameworks/CrashReporterSupport.framework/Versions/A/CrashReporterSupport
0x0000000040678000 	/System/Library/PrivateFrameworks/Sharing.framework/Versions/A/Sharing
0x0000000040678000 	/System/Library/PrivateFrameworks/IconServices.framework/Versions/A/IconServices
0x0000000040678000 	/System/Library/PrivateFrameworks/ProtocolBuffer.framework/Versions/A/ProtocolBuffer
0x0000000040678000 	/System/Library/PrivateFrameworks/Apple80211.framework/Versions/A/Apple80211
0x0000000040678000 	/System/Library/Frameworks/CoreWLAN.framework/Versions/A/CoreWLAN
0x0000000040678000 	/System/Library/PrivateFrameworks/CoreUtils.framework/Versions/A/CoreUtils
0x0000000040678000 	/System/Library/Frameworks/IOBluetooth.framework/Versions/A/IOBluetooth
0x0000000040678000 	/System/Library/PrivateFrameworks/CoreWiFi.framework/Versions/A/CoreWiFi
0x0000000040678000 	/System/Library/Frameworks/CoreBluetooth.framework/Versions/A/CoreBluetooth
0x0000000040678000 	/System/Library/Frameworks/CoreDisplay.framework/Versions/A/CoreDisplay
0x0000000040678000 	/System/Library/PrivateFrameworks/IOPresentment.framework/Versions/A/IOPresentment
0x0000000040678000 	/System/Library/PrivateFrameworks/DSExternalDisplay.framework/Versions/A/DSExternalDisplay
0x0000000040678000 	/System/Library/PrivateFrameworks/DebugSymbols.framework/Versions/A/DebugSymbols
0x0000000040678000 	/System/Library/PrivateFrameworks/CoreSymbolication.framework/Versions/A/CoreSymbolication
0x0000000040678000 	/System/Library/PrivateFrameworks/Symbolication.framework/Versions/A/Symbolication
0x0000000040678000 	/System/Library/PrivateFrameworks/AppleFSCompression.framework/Versions/A/AppleFSCompression
0x0000000040678000 	/System/Library/PrivateFrameworks/SpeechRecognitionCore.framework/Versions/A/SpeechRecognitionCore
0x0000000040678000 	/System/Library/PrivateFrameworks/ChunkingLibrary.framework/Versions/A/ChunkingLibrary
0x000000004bf59000 	/System/Library/CoreServices/Encodings/libJapaneseConverter.dylib
0x00000001068ab000 	/Library/Java/JavaVirtualMachines/jdk1.8.0_144.jdk/Contents/Home/jre/lib/server/libjvm.dylib
0x0000000040678000 	/usr/lib/libstdc++.6.dylib
0x0000000107853000 	/Library/Java/JavaVirtualMachines/jdk1.8.0_144.jdk/Contents/Home/jre/lib/libverify.dylib
0x0000000107861000 	/Library/Java/JavaVirtualMachines/jdk1.8.0_144.jdk/Contents/Home/jre/lib/libjava.dylib
0x000000010789f000 	/Library/Java/JavaVirtualMachines/jdk1.8.0_144.jdk/Contents/Home/jre/lib/libzip.dylib
0x000000011dab2000 	/System/Library/Frameworks/JavaVM.framework/Frameworks/JavaRuntimeSupport.framework/JavaRuntimeSupport
0x00000001079ea000 	/System/Library/Frameworks/JavaVM.framework/Versions/A/Frameworks/JavaNativeFoundation.framework/Versions/A/JavaNativeFoundation
0x000000011dacc000 	/System/Library/Frameworks/JavaVM.framework/Versions/A/JavaVM
0x0000000040678000 	/System/Library/Frameworks/Carbon.framework/Versions/A/Carbon
0x000000011dad9000 	/System/Library/PrivateFrameworks/JavaLaunching.framework/Versions/A/JavaLaunching
0x0000000040678000 	/System/Library/Frameworks/Carbon.framework/Versions/A/Frameworks/CommonPanels.framework/Versions/A/CommonPanels
0x0000000040678000 	/System/Library/Frameworks/Carbon.framework/Versions/A/Frameworks/Help.framework/Versions/A/Help
0x0000000040678000 	/System/Library/Frameworks/Carbon.framework/Versions/A/Frameworks/ImageCapture.framework/Versions/A/ImageCapture
0x0000000040678000 	/System/Library/Frameworks/Carbon.framework/Versions/A/Frameworks/OpenScripting.framework/Versions/A/OpenScripting
0x0000000040678000 	/System/Library/Frameworks/Carbon.framework/Versions/A/Frameworks/Print.framework/Versions/A/Print
0x0000000040678000 	/System/Library/Frameworks/Carbon.framework/Versions/A/Frameworks/SecurityHI.framework/Versions/A/SecurityHI
0x000000011f574000 	/Library/Java/JavaVirtualMachines/jdk1.8.0_144.jdk/Contents/Home/jre/lib/libnio.dylib
0x000000011f584000 	/Library/Java/JavaVirtualMachines/jdk1.8.0_144.jdk/Contents/Home/jre/lib/./libnet.dylib
0x000000011f609000 	/private/var/folders/mx/fgjzhx0d5fx7__v2f83ksn5m0000gn/T/lwjgltakk/3.1.6-build-14/liblwjgl.dylib
0x000000011f797000 	/var/folders/mx/fgjzhx0d5fx7__v2f83ksn5m0000gn/T/lwjgltakk/3.1.6-build-14/libjemalloc.dylib
0x000000011ffe9000 	/var/folders/mx/fgjzhx0d5fx7__v2f83ksn5m0000gn/T/lwjgltakk/3.1.6-build-14/libglfw.dylib
0x0000000040678000 	/System/Library/PrivateFrameworks/CoreServicesInternal.framework/Versions/A/CoreServicesInternal
0x0000000040678000 	/System/Library/PrivateFrameworks/FamilyControls.framework/Versions/A/FamilyControls
0x0000000040678000 	/System/Library/PrivateFrameworks/CommerceKit.framework/Versions/A/Frameworks/CommerceCore.framework/Versions/A/CommerceCore
0x0000000040678000 	/System/Library/PrivateFrameworks/SystemAdministration.framework/Versions/A/SystemAdministration
0x0000000040678000 	/System/Library/PrivateFrameworks/AppContainer.framework/Versions/A/AppContainer
0x0000000040678000 	/System/Library/PrivateFrameworks/SecCodeWrapper.framework/Versions/A/SecCodeWrapper
0x0000000040678000 	/System/Library/Frameworks/DirectoryService.framework/Versions/A/DirectoryService
0x0000000040678000 	/System/Library/PrivateFrameworks/DiskImages.framework/Versions/A/DiskImages
0x0000000040678000 	/System/Library/PrivateFrameworks/LoginUIKit.framework/Versions/A/Frameworks/LoginUICore.framework/Versions/A/LoginUICore
0x0000000040678000 	/usr/lib/libCoreStorage.dylib
0x0000000040678000 	/usr/lib/libcsfde.dylib
0x0000000040678000 	/usr/lib/libodfde.dylib
0x0000000040678000 	/System/Library/Frameworks/DiscRecording.framework/Versions/A/DiscRecording
0x0000000040678000 	/usr/lib/libcurl.4.dylib
0x0000000040678000 	/System/Library/PrivateFrameworks/MediaKit.framework/Versions/A/MediaKit
0x0000000040678000 	/System/Library/PrivateFrameworks/ProtectedCloudStorage.framework/Versions/A/ProtectedCloudStorage
0x0000000040678000 	/System/Library/PrivateFrameworks/EFILogin.framework/Versions/A/EFILogin
0x0000000040678000 	/usr/lib/libutil.dylib
0x0000000040678000 	/System/Library/Frameworks/LDAP.framework/Versions/A/LDAP
0x0000000040678000 	/usr/lib/libsasl2.2.dylib
0x0000000040678000 	/System/Library/PrivateFrameworks/CoreDaemon.framework/Versions/B/CoreDaemon
0x0000000040678000 	/System/Library/PrivateFrameworks/AppleSRP.framework/Versions/A/AppleSRP
0x0000000040678000 	/System/Library/PrivateFrameworks/APFS.framework/Versions/A/APFS
0x0000000040678000 	/System/Library/Frameworks/ApplicationServices.framework/Versions/A/Frameworks/ATS.framework/Versions/A/Resources/libTrueTypeScaler.dylib
0x0000000040678000 	/System/Library/Frameworks/Accelerate.framework/Versions/A/Frameworks/vImage.framework/Versions/A/Libraries/libCGInterfaces.dylib
0x0000000040678000 	/System/Library/Frameworks/OpenGL.framework/Versions/A/Resources/GLEngine.bundle/GLEngine
0x0000000040678000 	/System/Library/Frameworks/OpenGL.framework/Versions/A/Libraries/libGLProgrammability.dylib
0x0000000123522000 	/System/Library/Extensions/AppleIntelHD3000GraphicsGLDriver.bundle/Contents/MacOS/AppleIntelHD3000GraphicsGLDriver
0x0000000040678000 	/System/Library/PrivateFrameworks/GPUSupport.framework/Versions/A/Libraries/libGPUSupport.dylib
0x0000000040678000 	/System/Library/Frameworks/OpenGL.framework/Versions/A/Resources/GLRendererFloat.bundle/GLRendererFloat
0x0000000040678000 	/System/Library/Frameworks/OpenCL.framework/Versions/A/Libraries/libcldcpuengine.dylib
0x0000000040678000 	/usr/lib/libcrypto.0.9.8.dylib
0x0000000040678000 	/System/Library/PrivateFrameworks/TrustEvaluationAgent.framework/Versions/A/TrustEvaluationAgent
0x0000000124445000 	/private/var/folders/mx/fgjzhx0d5fx7__v2f83ksn5m0000gn/T/lwjgltakk/3.1.6-build-14/liblwjgl_opengl.dylib

VM Arguments:
jvm_args: -Dfile.encoding=UTF-8 
java_command: zenryokuservice.gui.jogl.prac.LwjglPracLv1
java_class_path (initial): /Library/Java/JavaVirtualMachines/jdk1.8.0_144.jdk/Contents/Home/jre/lib/resources.jar:/Library/Java/JavaVirtualMachines/jdk1.8.0_144.jdk/Contents/Home/jre/lib/rt.jar:/Library/Java/JavaVirtualMachines/jdk1.8.0_144.jdk/Contents/Home/jre/lib/jsse.jar:/Library/Java/JavaVirtualMachines/jdk1.8.0_144.jdk/Contents/Home/jre/lib/jce.jar:/Library/Java/JavaVirtualMachines/jdk1.8.0_144.jdk/Contents/Home/jre/lib/charsets.jar:/Library/Java/JavaVirtualMachines/jdk1.8.0_144.jdk/Contents/Home/jre/lib/jfr.jar:/Library/Java/JavaVirtualMachines/jdk1.8.0_144.jdk/Contents/Home/jre/lib/ext/cldrdata.jar:/Library/Java/JavaVirtualMachines/jdk1.8.0_144.jdk/Contents/Home/jre/lib/ext/dnsns.jar:/Library/Java/JavaVirtualMachines/jdk1.8.0_144.jdk/Contents/Home/jre/lib/ext/jaccess.jar:/Library/Java/JavaVirtualMachines/jdk1.8.0_144.jdk/Contents/Home/jre/lib/ext/jfxrt.jar:/Library/Java/JavaVirtualMachines/jdk1.8.0_144.jdk/Contents/Home/jre/lib/ext/localedata.jar:/Library/Java/JavaVirtualMachines/jdk1.8.0_144.jdk/Contents/Home/jre/lib/ext/nashorn.jar:/Library/Java/JavaVirtualMachines/jdk1.8.0_144.jdk/Contents/Home/jre/lib/ext/sunec.jar:/Library/Java/JavaVirtualMachines/jdk1.8.0_144.jdk/Contents/Home/jre/lib/ext/sunjce_provider.jar:/Library/Java/JavaVirtualMachines/jdk1.8.0_144.jdk/Contents/Home/jre/lib/ext/sunpkcs11.jar:/Library/Java/JavaVirtualMachines/jdk1.8.0_144.jdk/Contents/Home/jre/lib/ext/zipfs.jar:/Library/Java/Extensions/gluegen-rt.jar:/Library/Java/Extensions/j3dcore.jar:/Library/Java/Extensions/j3dutils.jar:/Library/Java/Extensions/jogl.jar:/Library/Java/Extensions/vecmath.jar:/System/Library/Java/Extensions/MRJToolkit.jar:/Users/takk/git/MultiTaskManager/gui.mtm/target/classes:/Users/takk/Java/lwjgl-release-3.1.6-custom/lwjgl-assimp-javadoc.jar:/Users/takk/Java/lwjgl-release-3.1.6-custom/lwjgl-assimp-natives-macos.jar:/Users/takk/Java/lwjgl-release-3.1.6-custom/lwjgl-assimp-sources.jar:/Users/takk/Java/lwjgl-release-3.1.6-custom/lwjgl-assimp.jar:/Users/takk/Jav
Launcher Type: SUN_STANDARD

Environment Variables:
PATH=/usr/bin:/bin:/usr/sbin:/sbin
SHELL=/bin/bash

Signal Handlers:
SIGSEGV: [libjvm.dylib+0x5b26e5], sa_mask[0]=11111111011111110111111111111111, sa_flags=SA_ONSTACK|SA_RESTART|SA_SIGINFO
SIGBUS: [libjvm.dylib+0x5b26e5], sa_mask[0]=11111111011111110111111111111111, sa_flags=SA_RESTART|SA_SIGINFO
SIGFPE: [libjvm.dylib+0x489100], sa_mask[0]=11111111011111110111111111111111, sa_flags=SA_RESTART|SA_SIGINFO
SIGPIPE: [libjvm.dylib+0x489100], sa_mask[0]=11111111011111110111111111111111, sa_flags=SA_RESTART|SA_SIGINFO
SIGXFSZ: [libjvm.dylib+0x489100], sa_mask[0]=11111111011111110111111111111111, sa_flags=SA_RESTART|SA_SIGINFO
SIGILL: [libjvm.dylib+0x489100], sa_mask[0]=11111111011111110111111111111111, sa_flags=SA_RESTART|SA_SIGINFO
SIGUSR1: SIG_DFL, sa_mask[0]=00000000000000000000000000000000, sa_flags=none
SIGUSR2: [libjvm.dylib+0x488c1e], sa_mask[0]=00100000000000000000000000000000, sa_flags=SA_RESTART|SA_SIGINFO
SIGHUP: [libjvm.dylib+0x4871f5], sa_mask[0]=11111111011111110111111111111111, sa_flags=SA_RESTART|SA_SIGINFO
SIGINT: [libjvm.dylib+0x4871f5], sa_mask[0]=11111111011111110111111111111111, sa_flags=SA_RESTART|SA_SIGINFO
SIGTERM: [libjvm.dylib+0x4871f5], sa_mask[0]=11111111011111110111111111111111, sa_flags=SA_RESTART|SA_SIGINFO
SIGQUIT: [libjvm.dylib+0x4871f5], sa_mask[0]=11111111011111110111111111111111, sa_flags=SA_RESTART|SA_SIGINFO


---------------  S Y S T E M  ---------------

OS:Bsduname:Darwin 16.7.0 Darwin Kernel Version 16.7.0: Thu Jun 15 17:36:27 PDT 2017; root:xnu-3789.70.16~2/RELEASE_X86_64 x86_64
rlimit: STACK 8192k, CORE 0k, NPROC 709, NOFILE 10240, AS infinity
load average:2.01 1.76 1.62

CPU:total 4 (initial active 4) (2 cores per cpu, 2 threads per core) family 6 model 42 stepping 7, cmov, cx8, fxsr, mmx, sse, sse2, sse3, ssse3, sse4.1, sse4.2, popcnt, avx, aes, clmul, ht, tsc, tscinvbit

Memory: 4k page, physical 8388608k(2136684k free)

/proc/meminfo:


vm_info: Java HotSpot(TM) 64-Bit Server VM (25.144-b01) for bsd-amd64 JRE (1.8.0_144-b01), built on Jul 21 2017 22:07:42 by "java_re" with gcc 4.2.1 (Based on Apple Inc. build 5658) (LLVM build 2336.11.00)

time: Sun Oct 21 13:53:13 2018
elapsed time: 19 seconds (0d 0h 0m 19s)

