#
# A fatal error has been detected by the Java Runtime Environment:
#
#  SIGSEGV (0xb) at pc=0x00000001255dcc3e, pid=2180, tid=0x0000000000000307
#
# JRE version: Java(TM) SE Runtime Environment (8.0_144-b01) (build 1.8.0_144-b01)
# Java VM: Java HotSpot(TM) 64-Bit Server VM (25.144-b01 mixed mode bsd-amd64 compressed oops)
# Problematic frame:
# C  [liblwjgl_opengl.dylib+0xcc3e]
[error occurred during error reporting (printing problematic frame), id 0xe0000000]

# Failed to write core dump. Core dumps have been disabled. To enable core dumping, try "ulimit -c unlimited" before starting Java again
#
# If you would like to submit a bug report, please visit:
#   http://bugreport.java.com/bugreport/crash.jsp
# The crash happened outside the Java Virtual Machine in native code.
# See problematic frame for where to report the bug.
#

---------------  T H R E A D  ---------------

Current thread (0x00007f9acb002000):  JavaThread "main" [_thread_in_native, id=775, stack(0x00007fff55f93000,0x00007fff56793000)]

siginfo: si_signo: 11 (SIGSEGV), si_code: 1 (SEGV_MAPERR), si_addr: 0x0000000000000370

Registers:
RAX=0x0000000000000000, RBX=0x000000010c1864a0, RCX=0x000000010a6243c0, RDX=0x0000000000004100
RSP=0x00007fff5678da58, RBP=0x00007fff5678dab0, RSI=0x00007fff5678dac0, RDI=0x0000000000004100
R8 =0x000000010d5652a3, R9 =0x0000000000000000, R10=0x000000010d51b9c8, R11=0x000000010a2e5563
R12=0x0000000000000000, R13=0x000000010c186498, R14=0x00007fff5678dad0, R15=0x00007f9acb002000
RIP=0x00000001255dcc3e, EFLAGS=0x0000000000010212, ERR=0x0000000000000004
  TRAPNO=0x000000000000000e

Top of Stack: (sp=0x00007fff5678da58)
0x00007fff5678da58:   000000010d51b9f4 000000010d5279a3
0x00007fff5678da68:   000000010d51b742 00007fff5678da70
0x00007fff5678da78:   000000010c186498 00007fff5678dad0
0x00007fff5678da88:   000000010c1b03f0 0000000000000000
0x00007fff5678da98:   000000010c1864a0 0000000000000000
0x00007fff5678daa8:   00007fff5678dad0 00007fff5678db18
0x00007fff5678dab8:   000000010d50c2bd 0000000796294200
0x00007fff5678dac8:   000000010d515538 0000000000004100
0x00007fff5678dad8:   00007fff5678dad8 000000010c0140cb
0x00007fff5678dae8:   00007fff5678db28 000000010c014388
0x00007fff5678daf8:   0000000000000000 000000010c014208
0x00007fff5678db08:   00007fff5678dad0 00007fff5678db28
0x00007fff5678db18:   00007fff5678db70 000000010d50c2bd
0x00007fff5678db28:   00000007957b6af8 00007fff5678db30
0x00007fff5678db38:   000000010c013dc3 00007fff5678dbb0
0x00007fff5678db48:   000000010c014388 0000000000000000
0x00007fff5678db58:   000000010c013ee8 00007fff5678db28
0x00007fff5678db68:   00007fff5678dbb0 00007fff5678dbf8
0x00007fff5678db78:   000000010d50c2bd 0000000000000000
0x00007fff5678db88:   0000000000000000 0000000000000000
0x00007fff5678db98:   0000000000000000 0000000000000000
0x00007fff5678dba8:   0000000000000000 00000007957b6af8
0x00007fff5678dbb8:   00007fff5678dbb8 000000010c013cb9
0x00007fff5678dbc8:   00007fff5678dc08 000000010c014388
0x00007fff5678dbd8:   0000000000000000 000000010c013d00
0x00007fff5678dbe8:   00007fff5678dbb0 00007fff5678dc08
0x00007fff5678dbf8:   00007fff5678dc50 000000010d50c2bd
0x00007fff5678dc08:   00000007957b6af8 00007fff5678dc10
0x00007fff5678dc18:   000000010c013bf1 00007fff5678dc68
0x00007fff5678dc28:   000000010c014388 0000000000000000
0x00007fff5678dc38:   000000010c013c18 00007fff5678dc08
0x00007fff5678dc48:   00007fff5678dc68 00007fff5678dcd0 

Instructions: (pc=0x00000001255dcc3e)
0x00000001255dcc1e:   38 03 00 00 89 d7 89 ce 4c 89 c2 5d ff e0 0f 1f
0x00000001255dcc2e:   40 00 55 48 89 e5 48 8b 07 48 8b 40 18 89 d7 5d
0x00000001255dcc3e:   ff a0 70 03 00 00 66 66 66 2e 0f 1f 84 00 00 00
0x00000001255dcc4e:   00 00 55 48 89 e5 48 8b 07 48 8b 40 18 48 8b 80 

Register to memory mapping:

RAX=0x0000000000000000 is an unknown value
RBX={method} {0x000000010c1864a0} 'glClear' '(I)V' in 'org/lwjgl/opengl/GL11'
RCX=0x000000010a6243c0: UseMembar+0 in /Library/Java/JavaVirtualMachines/jdk1.8.0_144.jdk/Contents/Home/jre/lib/server/libjvm.dylib at 0x0000000109e00000
RDX=0x0000000000004100 is an unknown value
RSP=0x00007fff5678da58 is pointing into the stack for thread: 0x00007f9acb002000
RBP=0x00007fff5678dab0 is pointing into the stack for thread: 0x00007f9acb002000
RSI=0x00007fff5678dac0 is pointing into the stack for thread: 0x00007f9acb002000
RDI=0x0000000000004100 is an unknown value
R8 =0x000000010d5652a3 is at code_begin+3 in 
[CodeBlob (0x000000010d565250)]
Framesize: 0
BufferBlob (0x000000010d565250) used for Signature Handler Temp Buffer
R9 =0x0000000000000000 is an unknown value
R10=0x000000010d51b9c8 is at code_begin+808 in an Interpreter codelet
method entry point (kind = native)  [0x000000010d51b6a0, 0x000000010d51bfa0]  2304 bytes
R11=0x000000010a2e5563: throw_unsatisfied_link_error+0 in /Library/Java/JavaVirtualMachines/jdk1.8.0_144.jdk/Contents/Home/jre/lib/server/libjvm.dylib at 0x0000000109e00000
R12=0x0000000000000000 is an unknown value
R13=0x000000010c186498 is pointing into metadata
R14=0x00007fff5678dad0 is pointing into the stack for thread: 0x00007f9acb002000
R15=0x00007f9acb002000 is a thread


Stack: [0x00007fff55f93000,0x00007fff56793000],  sp=0x00007fff5678da58,  free space=8170k
Native frames: (J=compiled Java code, j=interpreted, Vv=VM code, C=native code)
C  [liblwjgl_opengl.dylib+0xcc3e]
[error occurred during error reporting (printing native stack), id 0xe0000000]

Java frames: (J=compiled Java code, j=interpreted, Vv=VM code)
j  org.lwjgl.opengl.GL11.glClear(I)V+0
j  zenryokuservice.gui.jogl.prac.LwjglPracLv1.drawInitView()V+3
j  zenryokuservice.gui.jogl.prac.LwjglPracLv1.init()V+59
j  zenryokuservice.gui.jogl.prac.LwjglPracLv1.run()V+25
j  zenryokuservice.gui.jogl.prac.LwjglPracLv1.main([Ljava/lang/String;)V+9
v  ~StubRoutines::call_stub

---------------  P R O C E S S  ---------------

Java Threads: ( => current thread )
  0x00007f9acb84a000 JavaThread "Service Thread" daemon [_thread_blocked, id=17923, stack(0x000070000a38e000,0x000070000a48e000)]
  0x00007f9aca042800 JavaThread "C1 CompilerThread2" daemon [_thread_blocked, id=17411, stack(0x000070000a28b000,0x000070000a38b000)]
  0x00007f9acb81d000 JavaThread "C2 CompilerThread1" daemon [_thread_blocked, id=16899, stack(0x000070000a188000,0x000070000a288000)]
  0x00007f9acb020800 JavaThread "C2 CompilerThread0" daemon [_thread_blocked, id=16387, stack(0x000070000a085000,0x000070000a185000)]
  0x00007f9acb000800 JavaThread "Signal Dispatcher" daemon [_thread_blocked, id=15879, stack(0x0000700009f82000,0x000070000a082000)]
  0x00007f9aca01e000 JavaThread "Finalizer" daemon [_thread_blocked, id=12291, stack(0x0000700009e7f000,0x0000700009f7f000)]
  0x00007f9aca80a800 JavaThread "Reference Handler" daemon [_thread_blocked, id=11779, stack(0x0000700009d7c000,0x0000700009e7c000)]
=>0x00007f9acb002000 JavaThread "main" [_thread_in_native, id=775, stack(0x00007fff55f93000,0x00007fff56793000)]

Other Threads:
  0x00007f9aca016000 VMThread [stack: 0x0000700009c79000,0x0000700009d79000] [id=11267]
  0x00007f9acb81e000 WatcherThread [stack: 0x000070000a491000,0x000070000a591000] [id=18435]

VM state:not at safepoint (normal execution)

VM Mutex/Monitor currently owned by a thread: None

Heap:
 PSYoungGen      total 38400K, used 14267K [0x0000000795580000, 0x0000000798000000, 0x00000007c0000000)
  eden space 33280K, 42% used [0x0000000795580000,0x000000079636eef0,0x0000000797600000)
  from space 5120K, 0% used [0x0000000797b00000,0x0000000797b00000,0x0000000798000000)
  to   space 5120K, 0% used [0x0000000797600000,0x0000000797600000,0x0000000797b00000)
 ParOldGen       total 87552K, used 0K [0x0000000740000000, 0x0000000745580000, 0x0000000795580000)
  object space 87552K, 0% used [0x0000000740000000,0x0000000740000000,0x0000000745580000)
 Metaspace       used 6318K, capacity 6604K, committed 6656K, reserved 1056768K
  class space    used 649K, capacity 740K, committed 768K, reserved 1048576K

Card table byte_map: [0x000000010b167000,0x000000010b568000] byte_map_base: 0x0000000107767000

Marking Bits: (ParMarkBitMap*) 0x000000010a6f35d0
 Begin Bits: [0x000000011c504000, 0x000000011e504000)
 End Bits:   [0x000000011e504000, 0x0000000120504000)

Polling page: 0x0000000109550000

CodeCache: size=245760Kb used=2693Kb max_used=2705Kb free=243066Kb
 bounds [0x000000010d504000, 0x000000010d7b4000, 0x000000011c504000]
 total_blobs=1304 nmethods=573 adapters=645
 compilation: enabled

Compilation events (10 events):
Event: 0.663 Thread 0x00007f9aca042800  569       3       java.io.ExpiringCache::entryFor (57 bytes)
Event: 0.664 Thread 0x00007f9aca042800 nmethod 569 0x000000010d79b690 code [0x000000010d79b840, 0x000000010d79bd98]
Event: 0.664 Thread 0x00007f9aca042800  570       3       java.util.LinkedHashMap::get (33 bytes)
Event: 0.665 Thread 0x00007f9aca042800 nmethod 570 0x000000010d7a3f10 code [0x000000010d7a40c0, 0x000000010d7a45a8]
Event: 0.665 Thread 0x00007f9acb81d000  571       4       java.lang.CharacterDataLatin1::toLowerCase (39 bytes)
Event: 0.666 Thread 0x00007f9aca042800  572       3       java.lang.String::concat (47 bytes)
Event: 0.666 Thread 0x00007f9acb81d000 nmethod 571 0x000000010d7a73d0 code [0x000000010d7a7520, 0x000000010d7a75f8]
Event: 0.666 Thread 0x00007f9aca042800 nmethod 572 0x000000010d7a66d0 code [0x000000010d7a68a0, 0x000000010d7a7058]
Event: 0.666 Thread 0x00007f9aca042800  573       3       java.lang.String::getChars (16 bytes)
Event: 0.667 Thread 0x00007f9aca042800 nmethod 573 0x000000010d7a6290 code [0x000000010d7a6400, 0x000000010d7a6608]

GC Heap History (0 events):
No events

Deoptimization events (3 events):
Event: 0.154 Thread 0x00007f9acb002000 Uncommon trap: reason=unstable_if action=reinterpret pc=0x000000010d60fbe8 method=java.lang.String.hashCode()I @ 14
Event: 0.259 Thread 0x00007f9acb002000 Uncommon trap: reason=unstable_if action=reinterpret pc=0x000000010d61a244 method=java.lang.String.indexOf(II)I @ 49
Event: 0.331 Thread 0x00007f9acb002000 Uncommon trap: reason=unstable_if action=reinterpret pc=0x000000010d6b69c8 method=java.lang.String.indexOf([CII[CIII)I @ 134

Internal exceptions (10 events):
Event: 0.145 Thread 0x00007f9acb002000 Exception <a 'java/security/PrivilegedActionException'> (0x000000079568eb20) thrown at [/Users/java_re/workspace/8-2-build-macosx-x86_64/jdk8u144/9417/hotspot/src/share/vm/prims/jvm.cpp, line 1390]
Event: 0.145 Thread 0x00007f9acb002000 Exception <a 'java/security/PrivilegedActionException'> (0x000000079568ed30) thrown at [/Users/java_re/workspace/8-2-build-macosx-x86_64/jdk8u144/9417/hotspot/src/share/vm/prims/jvm.cpp, line 1390]
Event: 0.277 Thread 0x00007f9acb002000 Exception <a 'java/lang/NoSuchMethodError': java.lang.Object.lambda$static$0(Ljava/lang/String;)Ljava/lang/Boolean;> (0x0000000795b78b88) thrown at [/Users/java_re/workspace/8-2-build-macosx-x86_64/jdk8u144/9417/hotspot/src/share/vm/interpreter/linkResolv
Event: 0.298 Thread 0x00007f9acb002000 Exception <a 'java/lang/NoSuchFieldError': method resolution failed> (0x0000000795bf0960) thrown at [/Users/java_re/workspace/8-2-build-macosx-x86_64/jdk8u144/9417/hotspot/src/share/vm/prims/methodHandles.cpp, line 1146]
Event: 0.300 Thread 0x00007f9acb002000 Exception <a 'java/lang/NoSuchFieldError': method resolution failed> (0x0000000795bfdce0) thrown at [/Users/java_re/workspace/8-2-build-macosx-x86_64/jdk8u144/9417/hotspot/src/share/vm/prims/methodHandles.cpp, line 1146]
Event: 0.328 Thread 0x00007f9acb002000 Exception <a 'java/security/PrivilegedActionException'> (0x0000000795c905f8) thrown at [/Users/java_re/workspace/8-2-build-macosx-x86_64/jdk8u144/9417/hotspot/src/share/vm/prims/jvm.cpp, line 1390]
Event: 0.328 Thread 0x00007f9acb002000 Exception <a 'java/security/PrivilegedActionException'> (0x0000000795c90808) thrown at [/Users/java_re/workspace/8-2-build-macosx-x86_64/jdk8u144/9417/hotspot/src/share/vm/prims/jvm.cpp, line 1390]
Event: 0.328 Thread 0x00007f9acb002000 Exception <a 'java/security/PrivilegedActionException'> (0x0000000795c93b38) thrown at [/Users/java_re/workspace/8-2-build-macosx-x86_64/jdk8u144/9417/hotspot/src/share/vm/prims/jvm.cpp, line 1390]
Event: 0.328 Thread 0x00007f9acb002000 Exception <a 'java/security/PrivilegedActionException'> (0x0000000795c93d48) thrown at [/Users/java_re/workspace/8-2-build-macosx-x86_64/jdk8u144/9417/hotspot/src/share/vm/prims/jvm.cpp, line 1390]
Event: 0.578 Thread 0x00007f9acb002000 Exception <a 'sun/nio/fs/UnixException'> (0x000000079625ddd0) thrown at [/Users/java_re/workspace/8-2-build-macosx-x86_64/jdk8u144/9417/hotspot/src/share/vm/prims/jni.cpp, line 709]

Events (10 events):
Event: 0.661 loading class org/lwjgl/opengl/GL$4
Event: 0.661 loading class org/lwjgl/opengl/GL$4 done
Event: 0.663 loading class org/lwjgl/system/macosx/CoreFoundation
Event: 0.663 loading class org/lwjgl/system/macosx/CoreFoundation done
Event: 0.664 loading class org/lwjgl/opengl/GL$3
Event: 0.664 loading class org/lwjgl/opengl/GL$3 done
Event: 0.665 loading class org/lwjgl/opengl/GL$SharedLibraryGL
Event: 0.665 loading class org/lwjgl/opengl/GL$SharedLibraryGL done
Event: 0.666 loading class org/lwjgl/system/SharedLibrary$Delegate
Event: 0.666 loading class org/lwjgl/system/SharedLibrary$Delegate done


Dynamic libraries:
0x0000000040678000 	/System/Library/Frameworks/Cocoa.framework/Versions/A/Cocoa
0x0000000040678000 	/System/Library/Frameworks/Security.framework/Versions/A/Security
0x0000000040678000 	/System/Library/Frameworks/ApplicationServices.framework/Versions/A/ApplicationServices
0x0000000040678000 	/usr/lib/libz.1.dylib
0x0000000040678000 	/usr/lib/libSystem.B.dylib
0x0000000040678000 	/usr/lib/libobjc.A.dylib
0x0000000040678000 	/System/Library/Frameworks/CoreFoundation.framework/Versions/A/CoreFoundation
0x0000000040678000 	/System/Library/Frameworks/Foundation.framework/Versions/C/Foundation
0x0000000040678000 	/System/Library/Frameworks/AppKit.framework/Versions/C/AppKit
0x0000000040678000 	/System/Library/Frameworks/CoreData.framework/Versions/A/CoreData
0x0000000040678000 	/System/Library/PrivateFrameworks/RemoteViewServices.framework/Versions/A/RemoteViewServices
0x0000000040678000 	/System/Library/PrivateFrameworks/UIFoundation.framework/Versions/A/UIFoundation
0x0000000040678000 	/System/Library/PrivateFrameworks/DFRFoundation.framework/Versions/A/DFRFoundation
0x0000000040678000 	/usr/lib/libenergytrace.dylib
0x0000000040678000 	/System/Library/PrivateFrameworks/SkyLight.framework/Versions/A/SkyLight
0x0000000040678000 	/System/Library/Frameworks/CoreGraphics.framework/Versions/A/CoreGraphics
0x0000000040678000 	/usr/lib/libScreenReader.dylib
0x0000000040678000 	/System/Library/Frameworks/Accelerate.framework/Versions/A/Accelerate
0x0000000040678000 	/System/Library/Frameworks/IOSurface.framework/Versions/A/IOSurface
0x0000000040678000 	/System/Library/Frameworks/AudioToolbox.framework/Versions/A/AudioToolbox
0x0000000040678000 	/System/Library/Frameworks/AudioUnit.framework/Versions/A/AudioUnit
0x0000000040678000 	/System/Library/PrivateFrameworks/DataDetectorsCore.framework/Versions/A/DataDetectorsCore
0x0000000040678000 	/System/Library/PrivateFrameworks/DesktopServicesPriv.framework/Versions/A/DesktopServicesPriv
0x0000000040678000 	/System/Library/Frameworks/Carbon.framework/Versions/A/Frameworks/HIToolbox.framework/Versions/A/HIToolbox
0x0000000040678000 	/usr/lib/libicucore.A.dylib
0x0000000040678000 	/System/Library/Frameworks/QuartzCore.framework/Versions/A/QuartzCore
0x0000000040678000 	/System/Library/Frameworks/Carbon.framework/Versions/A/Frameworks/SpeechRecognition.framework/Versions/A/SpeechRecognition
0x0000000040678000 	/usr/lib/libauto.dylib
0x0000000040678000 	/usr/lib/libxml2.2.dylib
0x0000000040678000 	/System/Library/PrivateFrameworks/CoreUI.framework/Versions/A/CoreUI
0x0000000040678000 	/System/Library/Frameworks/CoreAudio.framework/Versions/A/CoreAudio
0x0000000040678000 	/System/Library/Frameworks/DiskArbitration.framework/Versions/A/DiskArbitration
0x0000000040678000 	/usr/lib/liblangid.dylib
0x0000000040678000 	/System/Library/PrivateFrameworks/MultitouchSupport.framework/Versions/A/MultitouchSupport
0x0000000040678000 	/System/Library/Frameworks/IOKit.framework/Versions/A/IOKit
0x0000000040678000 	/usr/lib/libDiagnosticMessagesClient.dylib
0x0000000040678000 	/System/Library/Frameworks/CoreServices.framework/Versions/A/CoreServices
0x0000000040678000 	/System/Library/PrivateFrameworks/PerformanceAnalysis.framework/Versions/A/PerformanceAnalysis
0x0000000040678000 	/System/Library/PrivateFrameworks/GenerationalStorage.framework/Versions/A/GenerationalStorage
0x0000000040678000 	/System/Library/Frameworks/OpenGL.framework/Versions/A/OpenGL
0x0000000040678000 	/System/Library/Frameworks/CoreImage.framework/Versions/A/CoreImage
0x0000000040678000 	/System/Library/Frameworks/CoreText.framework/Versions/A/CoreText
0x0000000040678000 	/System/Library/Frameworks/ImageIO.framework/Versions/A/ImageIO
0x0000000040678000 	/System/Library/PrivateFrameworks/Backup.framework/Versions/A/Backup
0x0000000040678000 	/usr/lib/libarchive.2.dylib
0x0000000040678000 	/System/Library/Frameworks/CFNetwork.framework/Versions/A/CFNetwork
0x0000000040678000 	/System/Library/Frameworks/SystemConfiguration.framework/Versions/A/SystemConfiguration
0x0000000040678000 	/usr/lib/libCRFSuite.dylib
0x0000000040678000 	/usr/lib/libc++.1.dylib
0x0000000040678000 	/usr/lib/libc++abi.dylib
0x0000000040678000 	/usr/lib/system/libcache.dylib
0x0000000040678000 	/usr/lib/system/libcommonCrypto.dylib
0x0000000040678000 	/usr/lib/system/libcompiler_rt.dylib
0x0000000040678000 	/usr/lib/system/libcopyfile.dylib
0x0000000040678000 	/usr/lib/system/libcorecrypto.dylib
0x0000000040678000 	/usr/lib/system/libdispatch.dylib
0x0000000040678000 	/usr/lib/system/libdyld.dylib
0x0000000040678000 	/usr/lib/system/libkeymgr.dylib
0x0000000040678000 	/usr/lib/system/liblaunch.dylib
0x0000000040678000 	/usr/lib/system/libmacho.dylib
0x0000000040678000 	/usr/lib/system/libquarantine.dylib
0x0000000040678000 	/usr/lib/system/libremovefile.dylib
0x0000000040678000 	/usr/lib/system/libsystem_asl.dylib
0x0000000040678000 	/usr/lib/system/libsystem_blocks.dylib
0x0000000040678000 	/usr/lib/system/libsystem_c.dylib
0x0000000040678000 	/usr/lib/system/libsystem_configuration.dylib
0x0000000040678000 	/usr/lib/system/libsystem_coreservices.dylib
0x0000000040678000 	/usr/lib/system/libsystem_coretls.dylib
0x0000000040678000 	/usr/lib/system/libsystem_dnssd.dylib
0x0000000040678000 	/usr/lib/system/libsystem_info.dylib
0x0000000040678000 	/usr/lib/system/libsystem_kernel.dylib
0x0000000040678000 	/usr/lib/system/libsystem_m.dylib
0x0000000040678000 	/usr/lib/system/libsystem_malloc.dylib
0x0000000040678000 	/usr/lib/system/libsystem_network.dylib
0x0000000040678000 	/usr/lib/system/libsystem_networkextension.dylib
0x0000000040678000 	/usr/lib/system/libsystem_notify.dylib
0x0000000040678000 	/usr/lib/system/libsystem_platform.dylib
0x0000000040678000 	/usr/lib/system/libsystem_pthread.dylib
0x0000000040678000 	/usr/lib/system/libsystem_sandbox.dylib
0x0000000040678000 	/usr/lib/system/libsystem_secinit.dylib
0x0000000040678000 	/usr/lib/system/libsystem_symptoms.dylib
0x0000000040678000 	/usr/lib/system/libsystem_trace.dylib
0x0000000040678000 	/usr/lib/system/libunwind.dylib
0x0000000040678000 	/usr/lib/system/libxpc.dylib
0x0000000040678000 	/usr/lib/libbsm.0.dylib
0x0000000040678000 	/usr/lib/system/libkxld.dylib
0x0000000040678000 	/usr/lib/libcoretls.dylib
0x0000000040678000 	/usr/lib/libcoretls_cfhelpers.dylib
0x0000000040678000 	/usr/lib/libOpenScriptingUtil.dylib
0x0000000040678000 	/usr/lib/libpam.2.dylib
0x0000000040678000 	/usr/lib/libsqlite3.dylib
0x0000000040678000 	/usr/lib/libxar.1.dylib
0x0000000040678000 	/usr/lib/libbz2.1.0.dylib
0x0000000040678000 	/usr/lib/liblzma.5.dylib
0x0000000040678000 	/usr/lib/libnetwork.dylib
0x0000000040678000 	/usr/lib/libpcap.A.dylib
0x0000000040678000 	/System/Library/Frameworks/CoreServices.framework/Versions/A/Frameworks/FSEvents.framework/Versions/A/FSEvents
0x0000000040678000 	/System/Library/Frameworks/CoreServices.framework/Versions/A/Frameworks/CarbonCore.framework/Versions/A/CarbonCore
0x0000000040678000 	/System/Library/Frameworks/CoreServices.framework/Versions/A/Frameworks/Metadata.framework/Versions/A/Metadata
0x0000000040678000 	/System/Library/Frameworks/CoreServices.framework/Versions/A/Frameworks/OSServices.framework/Versions/A/OSServices
0x0000000040678000 	/System/Library/Frameworks/CoreServices.framework/Versions/A/Frameworks/SearchKit.framework/Versions/A/SearchKit
0x0000000040678000 	/System/Library/Frameworks/CoreServices.framework/Versions/A/Frameworks/AE.framework/Versions/A/AE
0x0000000040678000 	/System/Library/Frameworks/CoreServices.framework/Versions/A/Frameworks/LaunchServices.framework/Versions/A/LaunchServices
0x0000000040678000 	/System/Library/Frameworks/CoreServices.framework/Versions/A/Frameworks/DictionaryServices.framework/Versions/A/DictionaryServices
0x0000000040678000 	/System/Library/Frameworks/CoreServices.framework/Versions/A/Frameworks/SharedFileList.framework/Versions/A/SharedFileList
0x0000000040678000 	/System/Library/Frameworks/NetFS.framework/Versions/A/NetFS
0x0000000040678000 	/System/Library/PrivateFrameworks/NetAuth.framework/Versions/A/NetAuth
0x0000000040678000 	/System/Library/PrivateFrameworks/login.framework/Versions/A/Frameworks/loginsupport.framework/Versions/A/loginsupport
0x0000000040678000 	/System/Library/PrivateFrameworks/TCC.framework/Versions/A/TCC
0x0000000040678000 	/usr/lib/libmecabra.dylib
0x0000000040678000 	/System/Library/Frameworks/ApplicationServices.framework/Versions/A/Frameworks/ATS.framework/Versions/A/ATS
0x0000000040678000 	/System/Library/Frameworks/ApplicationServices.framework/Versions/A/Frameworks/ColorSync.framework/Versions/A/ColorSync
0x0000000040678000 	/System/Library/Frameworks/ApplicationServices.framework/Versions/A/Frameworks/HIServices.framework/Versions/A/HIServices
0x0000000040678000 	/System/Library/Frameworks/ApplicationServices.framework/Versions/A/Frameworks/LangAnalysis.framework/Versions/A/LangAnalysis
0x0000000040678000 	/System/Library/Frameworks/ApplicationServices.framework/Versions/A/Frameworks/PrintCore.framework/Versions/A/PrintCore
0x0000000040678000 	/System/Library/Frameworks/ApplicationServices.framework/Versions/A/Frameworks/QD.framework/Versions/A/QD
0x0000000040678000 	/System/Library/Frameworks/ApplicationServices.framework/Versions/A/Frameworks/SpeechSynthesis.framework/Versions/A/SpeechSynthesis
0x0000000040678000 	/System/Library/Frameworks/Accelerate.framework/Versions/A/Frameworks/vImage.framework/Versions/A/vImage
0x0000000040678000 	/System/Library/Frameworks/Accelerate.framework/Versions/A/Frameworks/vecLib.framework/Versions/A/vecLib
0x0000000040678000 	/System/Library/Frameworks/Accelerate.framework/Versions/A/Frameworks/vecLib.framework/Versions/A/libvDSP.dylib
0x0000000040678000 	/System/Library/Frameworks/Accelerate.framework/Versions/A/Frameworks/vecLib.framework/Versions/A/libBNNS.dylib
0x0000000040678000 	/System/Library/Frameworks/Accelerate.framework/Versions/A/Frameworks/vecLib.framework/Versions/A/libQuadrature.dylib
0x0000000040678000 	/System/Library/Frameworks/Accelerate.framework/Versions/A/Frameworks/vecLib.framework/Versions/A/libvMisc.dylib
0x0000000040678000 	/System/Library/Frameworks/Accelerate.framework/Versions/A/Frameworks/vecLib.framework/Versions/A/libLAPACK.dylib
0x0000000040678000 	/System/Library/Frameworks/Accelerate.framework/Versions/A/Frameworks/vecLib.framework/Versions/A/libBLAS.dylib
0x0000000040678000 	/System/Library/Frameworks/Accelerate.framework/Versions/A/Frameworks/vecLib.framework/Versions/A/libLinearAlgebra.dylib
0x0000000040678000 	/System/Library/Frameworks/Accelerate.framework/Versions/A/Frameworks/vecLib.framework/Versions/A/libSparseBLAS.dylib
0x0000000040678000 	/System/Library/Frameworks/ApplicationServices.framework/Versions/A/Frameworks/ATS.framework/Versions/A/Resources/libFontParser.dylib
0x0000000040678000 	/System/Library/Frameworks/ApplicationServices.framework/Versions/A/Frameworks/ATS.framework/Versions/A/Resources/libFontRegistry.dylib
0x0000000040678000 	/System/Library/Frameworks/ImageIO.framework/Versions/A/Resources/libJPEG.dylib
0x0000000040678000 	/System/Library/Frameworks/ImageIO.framework/Versions/A/Resources/libTIFF.dylib
0x0000000040678000 	/System/Library/Frameworks/ImageIO.framework/Versions/A/Resources/libPng.dylib
0x0000000040678000 	/System/Library/Frameworks/ImageIO.framework/Versions/A/Resources/libGIF.dylib
0x0000000040678000 	/System/Library/Frameworks/ImageIO.framework/Versions/A/Resources/libJP2.dylib
0x0000000040678000 	/System/Library/Frameworks/ImageIO.framework/Versions/A/Resources/libRadiance.dylib
0x0000000040678000 	/usr/lib/libcompression.dylib
0x0000000040678000 	/System/Library/PrivateFrameworks/AppleJPEG.framework/Versions/A/AppleJPEG
0x0000000040678000 	/usr/lib/libcups.2.dylib
0x0000000040678000 	/System/Library/Frameworks/Kerberos.framework/Versions/A/Kerberos
0x0000000040678000 	/System/Library/Frameworks/GSS.framework/Versions/A/GSS
0x0000000040678000 	/usr/lib/libresolv.9.dylib
0x0000000040678000 	/usr/lib/libiconv.2.dylib
0x0000000040678000 	/System/Library/PrivateFrameworks/Heimdal.framework/Versions/A/Heimdal
0x0000000040678000 	/usr/lib/libheimdal-asn1.dylib
0x0000000040678000 	/System/Library/Frameworks/OpenDirectory.framework/Versions/A/OpenDirectory
0x0000000040678000 	/System/Library/PrivateFrameworks/CommonAuth.framework/Versions/A/CommonAuth
0x0000000040678000 	/System/Library/Frameworks/OpenDirectory.framework/Versions/A/Frameworks/CFOpenDirectory.framework/Versions/A/CFOpenDirectory
0x0000000040678000 	/System/Library/Frameworks/SecurityFoundation.framework/Versions/A/SecurityFoundation
0x0000000040678000 	/System/Library/PrivateFrameworks/LanguageModeling.framework/Versions/A/LanguageModeling
0x0000000040678000 	/usr/lib/libmarisa.dylib
0x0000000040678000 	/usr/lib/libChineseTokenizer.dylib
0x0000000040678000 	/usr/lib/libcmph.dylib
0x0000000040678000 	/System/Library/PrivateFrameworks/CoreEmoji.framework/Versions/A/CoreEmoji
0x0000000040678000 	/System/Library/Frameworks/ServiceManagement.framework/Versions/A/ServiceManagement
0x0000000040678000 	/usr/lib/libxslt.1.dylib
0x0000000040678000 	/System/Library/Frameworks/Carbon.framework/Versions/A/Frameworks/Ink.framework/Versions/A/Ink
0x0000000040678000 	/System/Library/PrivateFrameworks/TextureIO.framework/Versions/A/TextureIO
0x0000000040678000 	/System/Library/Frameworks/Metal.framework/Versions/A/Metal
0x0000000040678000 	/usr/lib/libate.dylib
0x0000000040678000 	/System/Library/PrivateFrameworks/GPUCompiler.framework/libmetal_timestamp.dylib
0x0000000040678000 	/System/Library/Frameworks/OpenGL.framework/Versions/A/Libraries/libCoreFSCache.dylib
0x0000000040678000 	/System/Library/PrivateFrameworks/IOAccelerator.framework/Versions/A/IOAccelerator
0x0000000040678000 	/System/Library/Frameworks/CoreVideo.framework/Versions/A/CoreVideo
0x0000000040678000 	/usr/lib/libFosl_dynamic.dylib
0x0000000040678000 	/System/Library/PrivateFrameworks/MetalPerformanceShaders.framework/Versions/A/MetalPerformanceShaders
0x0000000040678000 	/System/Library/PrivateFrameworks/FaceCore.framework/Versions/A/FaceCore
0x0000000040678000 	/System/Library/Frameworks/OpenCL.framework/Versions/A/OpenCL
0x0000000040678000 	/System/Library/Frameworks/OpenGL.framework/Versions/A/Libraries/libGLU.dylib
0x0000000040678000 	/System/Library/Frameworks/OpenGL.framework/Versions/A/Libraries/libGFXShared.dylib
0x0000000040678000 	/System/Library/Frameworks/OpenGL.framework/Versions/A/Libraries/libGL.dylib
0x0000000040678000 	/System/Library/Frameworks/OpenGL.framework/Versions/A/Libraries/libGLImage.dylib
0x0000000040678000 	/System/Library/Frameworks/OpenGL.framework/Versions/A/Libraries/libCVMSPluginSupport.dylib
0x0000000040678000 	/System/Library/Frameworks/OpenGL.framework/Versions/A/Libraries/libCoreVMClient.dylib
0x0000000040678000 	/System/Library/PrivateFrameworks/CrashReporterSupport.framework/Versions/A/CrashReporterSupport
0x0000000040678000 	/System/Library/PrivateFrameworks/Sharing.framework/Versions/A/Sharing
0x0000000040678000 	/System/Library/PrivateFrameworks/IconServices.framework/Versions/A/IconServices
0x0000000040678000 	/System/Library/PrivateFrameworks/ProtocolBuffer.framework/Versions/A/ProtocolBuffer
0x0000000040678000 	/System/Library/PrivateFrameworks/Apple80211.framework/Versions/A/Apple80211
0x0000000040678000 	/System/Library/Frameworks/CoreWLAN.framework/Versions/A/CoreWLAN
0x0000000040678000 	/System/Library/PrivateFrameworks/CoreUtils.framework/Versions/A/CoreUtils
0x0000000040678000 	/System/Library/Frameworks/IOBluetooth.framework/Versions/A/IOBluetooth
0x0000000040678000 	/System/Library/PrivateFrameworks/CoreWiFi.framework/Versions/A/CoreWiFi
0x0000000040678000 	/System/Library/Frameworks/CoreBluetooth.framework/Versions/A/CoreBluetooth
0x0000000040678000 	/System/Library/Frameworks/CoreDisplay.framework/Versions/A/CoreDisplay
0x0000000040678000 	/System/Library/PrivateFrameworks/IOPresentment.framework/Versions/A/IOPresentment
0x0000000040678000 	/System/Library/PrivateFrameworks/DSExternalDisplay.framework/Versions/A/DSExternalDisplay
0x0000000040678000 	/System/Library/PrivateFrameworks/DebugSymbols.framework/Versions/A/DebugSymbols
0x0000000040678000 	/System/Library/PrivateFrameworks/CoreSymbolication.framework/Versions/A/CoreSymbolication
0x0000000040678000 	/System/Library/PrivateFrameworks/Symbolication.framework/Versions/A/Symbolication
0x0000000040678000 	/System/Library/PrivateFrameworks/AppleFSCompression.framework/Versions/A/AppleFSCompression
0x0000000040678000 	/System/Library/PrivateFrameworks/SpeechRecognitionCore.framework/Versions/A/SpeechRecognitionCore
0x0000000040678000 	/System/Library/PrivateFrameworks/ChunkingLibrary.framework/Versions/A/ChunkingLibrary
0x000000004ebba000 	/System/Library/CoreServices/Encodings/libJapaneseConverter.dylib
0x0000000109e00000 	/Library/Java/JavaVirtualMachines/jdk1.8.0_144.jdk/Contents/Home/jre/lib/server/libjvm.dylib
0x0000000040678000 	/usr/lib/libstdc++.6.dylib
0x000000010950d000 	/Library/Java/JavaVirtualMachines/jdk1.8.0_144.jdk/Contents/Home/jre/lib/libverify.dylib
0x000000010951b000 	/Library/Java/JavaVirtualMachines/jdk1.8.0_144.jdk/Contents/Home/jre/lib/libjava.dylib
0x0000000109559000 	/Library/Java/JavaVirtualMachines/jdk1.8.0_144.jdk/Contents/Home/jre/lib/libzip.dylib
0x000000010d37b000 	/System/Library/Frameworks/JavaVM.framework/Frameworks/JavaRuntimeSupport.framework/JavaRuntimeSupport
0x000000010d395000 	/System/Library/Frameworks/JavaVM.framework/Versions/A/Frameworks/JavaNativeFoundation.framework/Versions/A/JavaNativeFoundation
0x00000001095f3000 	/System/Library/Frameworks/JavaVM.framework/Versions/A/JavaVM
0x0000000040678000 	/System/Library/Frameworks/Carbon.framework/Versions/A/Carbon
0x000000010d3aa000 	/System/Library/PrivateFrameworks/JavaLaunching.framework/Versions/A/JavaLaunching
0x0000000040678000 	/System/Library/Frameworks/Carbon.framework/Versions/A/Frameworks/CommonPanels.framework/Versions/A/CommonPanels
0x0000000040678000 	/System/Library/Frameworks/Carbon.framework/Versions/A/Frameworks/Help.framework/Versions/A/Help
0x0000000040678000 	/System/Library/Frameworks/Carbon.framework/Versions/A/Frameworks/ImageCapture.framework/Versions/A/ImageCapture
0x0000000040678000 	/System/Library/Frameworks/Carbon.framework/Versions/A/Frameworks/OpenScripting.framework/Versions/A/OpenScripting
0x0000000040678000 	/System/Library/Frameworks/Carbon.framework/Versions/A/Frameworks/Print.framework/Versions/A/Print
0x0000000040678000 	/System/Library/Frameworks/Carbon.framework/Versions/A/Frameworks/SecurityHI.framework/Versions/A/SecurityHI
0x00000001221d5000 	/Library/Java/JavaVirtualMachines/jdk1.8.0_144.jdk/Contents/Home/jre/lib/libnio.dylib
0x00000001221e5000 	/Library/Java/JavaVirtualMachines/jdk1.8.0_144.jdk/Contents/Home/jre/lib/./libnet.dylib
0x000000012226a000 	/private/var/folders/mx/fgjzhx0d5fx7__v2f83ksn5m0000gn/T/lwjgltakk/3.1.6-build-14/liblwjgl.dylib
0x00000001223f6000 	/var/folders/mx/fgjzhx0d5fx7__v2f83ksn5m0000gn/T/lwjgltakk/3.1.6-build-14/libjemalloc.dylib
0x0000000122c48000 	/var/folders/mx/fgjzhx0d5fx7__v2f83ksn5m0000gn/T/lwjgltakk/3.1.6-build-14/libglfw.dylib
0x0000000040678000 	/System/Library/PrivateFrameworks/CoreServicesInternal.framework/Versions/A/CoreServicesInternal
0x0000000040678000 	/System/Library/PrivateFrameworks/FamilyControls.framework/Versions/A/FamilyControls
0x0000000040678000 	/System/Library/PrivateFrameworks/CommerceKit.framework/Versions/A/Frameworks/CommerceCore.framework/Versions/A/CommerceCore
0x0000000040678000 	/System/Library/PrivateFrameworks/SystemAdministration.framework/Versions/A/SystemAdministration
0x0000000040678000 	/System/Library/PrivateFrameworks/AppContainer.framework/Versions/A/AppContainer
0x0000000040678000 	/System/Library/PrivateFrameworks/SecCodeWrapper.framework/Versions/A/SecCodeWrapper
0x0000000040678000 	/System/Library/Frameworks/DirectoryService.framework/Versions/A/DirectoryService
0x0000000040678000 	/System/Library/PrivateFrameworks/DiskImages.framework/Versions/A/DiskImages
0x0000000040678000 	/System/Library/PrivateFrameworks/LoginUIKit.framework/Versions/A/Frameworks/LoginUICore.framework/Versions/A/LoginUICore
0x0000000040678000 	/usr/lib/libCoreStorage.dylib
0x0000000040678000 	/usr/lib/libcsfde.dylib
0x0000000040678000 	/usr/lib/libodfde.dylib
0x0000000040678000 	/System/Library/Frameworks/DiscRecording.framework/Versions/A/DiscRecording
0x0000000040678000 	/usr/lib/libcurl.4.dylib
0x0000000040678000 	/System/Library/PrivateFrameworks/MediaKit.framework/Versions/A/MediaKit
0x0000000040678000 	/System/Library/PrivateFrameworks/ProtectedCloudStorage.framework/Versions/A/ProtectedCloudStorage
0x0000000040678000 	/System/Library/PrivateFrameworks/EFILogin.framework/Versions/A/EFILogin
0x0000000040678000 	/usr/lib/libutil.dylib
0x0000000040678000 	/System/Library/Frameworks/LDAP.framework/Versions/A/LDAP
0x0000000040678000 	/usr/lib/libsasl2.2.dylib
0x0000000040678000 	/System/Library/PrivateFrameworks/CoreDaemon.framework/Versions/B/CoreDaemon
0x0000000040678000 	/System/Library/PrivateFrameworks/AppleSRP.framework/Versions/A/AppleSRP
0x0000000040678000 	/System/Library/PrivateFrameworks/APFS.framework/Versions/A/APFS
0x0000000040678000 	/System/Library/Frameworks/Accelerate.framework/Versions/A/Frameworks/vImage.framework/Versions/A/Libraries/libCGInterfaces.dylib
0x0000000040678000 	/System/Library/Frameworks/OpenGL.framework/Versions/A/Resources/GLEngine.bundle/GLEngine
0x0000000040678000 	/System/Library/Frameworks/OpenGL.framework/Versions/A/Libraries/libGLProgrammability.dylib
0x0000000124a3b000 	/System/Library/Extensions/AppleIntelHD3000GraphicsGLDriver.bundle/Contents/MacOS/AppleIntelHD3000GraphicsGLDriver
0x0000000040678000 	/System/Library/PrivateFrameworks/GPUSupport.framework/Versions/A/Libraries/libGPUSupport.dylib
0x0000000040678000 	/System/Library/Frameworks/OpenGL.framework/Versions/A/Resources/GLRendererFloat.bundle/GLRendererFloat
0x0000000040678000 	/System/Library/Frameworks/OpenCL.framework/Versions/A/Libraries/libcldcpuengine.dylib
0x0000000040678000 	/usr/lib/libcrypto.0.9.8.dylib
0x0000000040678000 	/System/Library/PrivateFrameworks/TrustEvaluationAgent.framework/Versions/A/TrustEvaluationAgent
0x00000001255d0000 	/private/var/folders/mx/fgjzhx0d5fx7__v2f83ksn5m0000gn/T/lwjgltakk/3.1.6-build-14/liblwjgl_opengl.dylib

VM Arguments:
jvm_args: -Dfile.encoding=UTF-8 
java_command: zenryokuservice.gui.jogl.prac.LwjglPracLv1
java_class_path (initial): /Library/Java/JavaVirtualMachines/jdk1.8.0_144.jdk/Contents/Home/jre/lib/resources.jar:/Library/Java/JavaVirtualMachines/jdk1.8.0_144.jdk/Contents/Home/jre/lib/rt.jar:/Library/Java/JavaVirtualMachines/jdk1.8.0_144.jdk/Contents/Home/jre/lib/jsse.jar:/Library/Java/JavaVirtualMachines/jdk1.8.0_144.jdk/Contents/Home/jre/lib/jce.jar:/Library/Java/JavaVirtualMachines/jdk1.8.0_144.jdk/Contents/Home/jre/lib/charsets.jar:/Library/Java/JavaVirtualMachines/jdk1.8.0_144.jdk/Contents/Home/jre/lib/jfr.jar:/Library/Java/JavaVirtualMachines/jdk1.8.0_144.jdk/Contents/Home/jre/lib/ext/cldrdata.jar:/Library/Java/JavaVirtualMachines/jdk1.8.0_144.jdk/Contents/Home/jre/lib/ext/dnsns.jar:/Library/Java/JavaVirtualMachines/jdk1.8.0_144.jdk/Contents/Home/jre/lib/ext/jaccess.jar:/Library/Java/JavaVirtualMachines/jdk1.8.0_144.jdk/Contents/Home/jre/lib/ext/jfxrt.jar:/Library/Java/JavaVirtualMachines/jdk1.8.0_144.jdk/Contents/Home/jre/lib/ext/localedata.jar:/Library/Java/JavaVirtualMachines/jdk1.8.0_144.jdk/Contents/Home/jre/lib/ext/nashorn.jar:/Library/Java/JavaVirtualMachines/jdk1.8.0_144.jdk/Contents/Home/jre/lib/ext/sunec.jar:/Library/Java/JavaVirtualMachines/jdk1.8.0_144.jdk/Contents/Home/jre/lib/ext/sunjce_provider.jar:/Library/Java/JavaVirtualMachines/jdk1.8.0_144.jdk/Contents/Home/jre/lib/ext/sunpkcs11.jar:/Library/Java/JavaVirtualMachines/jdk1.8.0_144.jdk/Contents/Home/jre/lib/ext/zipfs.jar:/Library/Java/Extensions/gluegen-rt.jar:/Library/Java/Extensions/j3dcore.jar:/Library/Java/Extensions/j3dutils.jar:/Library/Java/Extensions/jogl.jar:/Library/Java/Extensions/vecmath.jar:/System/Library/Java/Extensions/MRJToolkit.jar:/Users/takk/git/MultiTaskManager/gui.mtm/target/classes:/Users/takk/Java/lwjgl-release-3.1.6-custom/lwjgl-assimp-javadoc.jar:/Users/takk/Java/lwjgl-release-3.1.6-custom/lwjgl-assimp-natives-macos.jar:/Users/takk/Java/lwjgl-release-3.1.6-custom/lwjgl-assimp-sources.jar:/Users/takk/Java/lwjgl-release-3.1.6-custom/lwjgl-assimp.jar:/Users/takk/Jav
Launcher Type: SUN_STANDARD

Environment Variables:
PATH=/usr/bin:/bin:/usr/sbin:/sbin
SHELL=/bin/bash

Signal Handlers:
SIGSEGV: [libjvm.dylib+0x5b26e5], sa_mask[0]=11111111011111110111111111111111, sa_flags=SA_ONSTACK|SA_RESTART|SA_SIGINFO
SIGBUS: [libjvm.dylib+0x5b26e5], sa_mask[0]=11111111011111110111111111111111, sa_flags=SA_RESTART|SA_SIGINFO
SIGFPE: [libjvm.dylib+0x489100], sa_mask[0]=11111111011111110111111111111111, sa_flags=SA_RESTART|SA_SIGINFO
SIGPIPE: [libjvm.dylib+0x489100], sa_mask[0]=11111111011111110111111111111111, sa_flags=SA_RESTART|SA_SIGINFO
SIGXFSZ: [libjvm.dylib+0x489100], sa_mask[0]=11111111011111110111111111111111, sa_flags=SA_RESTART|SA_SIGINFO
SIGILL: [libjvm.dylib+0x489100], sa_mask[0]=11111111011111110111111111111111, sa_flags=SA_RESTART|SA_SIGINFO
SIGUSR1: SIG_DFL, sa_mask[0]=00000000000000000000000000000000, sa_flags=none
SIGUSR2: [libjvm.dylib+0x488c1e], sa_mask[0]=00100000000000000000000000000000, sa_flags=SA_RESTART|SA_SIGINFO
SIGHUP: [libjvm.dylib+0x4871f5], sa_mask[0]=11111111011111110111111111111111, sa_flags=SA_RESTART|SA_SIGINFO
SIGINT: [libjvm.dylib+0x4871f5], sa_mask[0]=11111111011111110111111111111111, sa_flags=SA_RESTART|SA_SIGINFO
SIGTERM: [libjvm.dylib+0x4871f5], sa_mask[0]=11111111011111110111111111111111, sa_flags=SA_RESTART|SA_SIGINFO
SIGQUIT: [libjvm.dylib+0x4871f5], sa_mask[0]=11111111011111110111111111111111, sa_flags=SA_RESTART|SA_SIGINFO


---------------  S Y S T E M  ---------------

OS:Bsduname:Darwin 16.7.0 Darwin Kernel Version 16.7.0: Thu Jun 15 17:36:27 PDT 2017; root:xnu-3789.70.16~2/RELEASE_X86_64 x86_64
rlimit: STACK 8192k, CORE 0k, NPROC 709, NOFILE 10240, AS infinity
load average:1.58 1.62 1.58

CPU:total 4 (initial active 4) (2 cores per cpu, 2 threads per core) family 6 model 42 stepping 7, cmov, cx8, fxsr, mmx, sse, sse2, sse3, ssse3, sse4.1, sse4.2, popcnt, avx, aes, clmul, ht, tsc, tscinvbit

Memory: 4k page, physical 8388608k(2106764k free)

/proc/meminfo:


vm_info: Java HotSpot(TM) 64-Bit Server VM (25.144-b01) for bsd-amd64 JRE (1.8.0_144-b01), built on Jul 21 2017 22:07:42 by "java_re" with gcc 4.2.1 (Based on Apple Inc. build 5658) (LLVM build 2336.11.00)

time: Sun Oct 21 13:56:47 2018
elapsed time: 0 seconds (0d 0h 0m 0s)

